2019-09-05 01:04:45,775  WARN CreatePStops:136 file  not found. Falling back to min/max serviceArea parameters.
2019-09-05 01:05:09,802 ERROR BasicPlanAgentImpl:159 last activity of person driver agent id 1147712903 has end time < infty; setting it to infty
2019-09-05 01:05:09,802 ERROR BasicPlanAgentImpl:160  This message given only once.
2019-09-05 01:05:41,797  WARN ExpBetaPlanChanger:86 Would make sense to revise this once more.  See comments in code.  kai, nov08
2019-09-05 04:24:34,993 ERROR MatsimRuntimeModifications:54 Getting uncaught Exception in Thread main
com.google.inject.ProvisionException: Unable to provision, see the following errors:

1) Error injecting constructor, java.lang.OutOfMemoryError: Java heap space
  at org.matsim.core.router.TripRouter.<init>(TripRouter.java:108)
  while locating org.matsim.core.router.TripRouter

1 error
	at com.google.inject.internal.InjectorImpl$2.get(InjectorImpl.java:1028)
	at org.matsim.contrib.minibus.performance.PReRouteStrategyModule.getPlanAlgoInstance(PReRouteStrategyModule.java:54)
	at org.matsim.core.replanning.modules.AbstractMultithreadedModule.initThreads(AbstractMultithreadedModule.java:183)
	at org.matsim.core.replanning.modules.AbstractMultithreadedModule.prepareReplanning(AbstractMultithreadedModule.java:109)
	at org.matsim.core.replanning.GenericPlanStrategyImpl.init(GenericPlanStrategyImpl.java:106)
	at org.matsim.contrib.minibus.performance.PReRoute.init(PReRoute.java:59)
	at org.matsim.core.replanning.GenericStrategyManager.run(GenericStrategyManager.java:193)
	at org.matsim.core.replanning.StrategyManager.run(StrategyManager.java:191)
	at org.matsim.core.replanning.StrategyManager.run(StrategyManager.java:173)
	at org.matsim.core.controler.corelisteners.PlansReplanningImpl.notifyReplanning(PlansReplanningImpl.java:58)
	at org.matsim.core.controler.ControlerListenerManagerImpl.fireControlerReplanningEvent(ControlerListenerManagerImpl.java:206)
	at org.matsim.core.controler.AbstractController$3.run(AbstractController.java:139)
	at org.matsim.core.controler.AbstractController.iterationStep(AbstractController.java:229)
	at org.matsim.core.controler.AbstractController.iteration(AbstractController.java:136)
	at org.matsim.core.controler.AbstractController.doIterations(AbstractController.java:112)
	at org.matsim.core.controler.AbstractController.access$100(AbstractController.java:28)
	at org.matsim.core.controler.AbstractController$1.run(AbstractController.java:80)
	at org.matsim.core.controler.MatsimRuntimeModifications.run(MatsimRuntimeModifications.java:48)
	at org.matsim.core.controler.MatsimRuntimeModifications.run(MatsimRuntimeModifications.java:31)
	at org.matsim.core.controler.AbstractController.run(AbstractController.java:88)
	at org.matsim.core.controler.NewControler.run(NewControler.java:84)
	at org.matsim.core.controler.Controler.run(Controler.java:240)
	at org.matsim.project.RunMinibus.run(RunMinibus.java:68)
	at org.matsim.project.RunMinibus.main(RunMinibus.java:90)
Caused by: java.lang.OutOfMemoryError: Java heap space
	at java.base/java.util.HashMap.resize(HashMap.java:699)
	at java.base/java.util.HashMap.putVal(HashMap.java:658)
	at java.base/java.util.HashMap.put(HashMap.java:607)
	at org.matsim.pt.router.TransitRouterNetwork.createLink(TransitRouterNetwork.java:312)
	at org.matsim.pt.router.TransitRouterNetwork.createFromSchedule(TransitRouterNetwork.java:446)
	at org.matsim.pt.router.TransitRouterImplFactory.get(TransitRouterImplFactory.java:63)
	at org.matsim.pt.router.TransitRouterImplFactory.get(TransitRouterImplFactory.java:34)
	at com.google.inject.internal.ProviderInternalFactory.provision(ProviderInternalFactory.java:81)
	at com.google.inject.internal.BoundProviderFactory.provision(BoundProviderFactory.java:72)
	at com.google.inject.internal.ProviderInternalFactory.circularGet(ProviderInternalFactory.java:61)
	at com.google.inject.internal.BoundProviderFactory.get(BoundProviderFactory.java:62)
	at com.google.inject.internal.SingleParameterInjector.inject(SingleParameterInjector.java:38)
	at com.google.inject.internal.SingleParameterInjector.getAll(SingleParameterInjector.java:62)
	at com.google.inject.internal.ConstructorInjector.provision(ConstructorInjector.java:110)
	at com.google.inject.internal.ConstructorInjector.construct(ConstructorInjector.java:90)
	at com.google.inject.internal.ConstructorBindingImpl$Factory.get(ConstructorBindingImpl.java:268)
	at com.google.inject.internal.BoundProviderFactory.get(BoundProviderFactory.java:61)
	at com.google.inject.internal.FactoryProxy.get(FactoryProxy.java:56)
	at com.google.inject.internal.InjectorImpl$2$1.call(InjectorImpl.java:1019)
	at com.google.inject.internal.InjectorImpl.callInContext(InjectorImpl.java:1092)
	at com.google.inject.internal.InjectorImpl$2.get(InjectorImpl.java:1015)
	at com.google.inject.spi.ProviderLookup$1.get(ProviderLookup.java:104)
	at com.google.inject.multibindings.MapBinder$RealMapBinder$ValueProvider.get(MapBinder.java:821)
	at org.matsim.core.router.TripRouter.<init>(TripRouter.java:111)
	at org.matsim.core.router.TripRouter$$FastClassByGuice$$40b051f1.newInstance(<generated>)
	at com.google.inject.internal.DefaultConstructionProxyFactory$FastClassProxy.newInstance(DefaultConstructionProxyFactory.java:89)
	at com.google.inject.internal.ConstructorInjector.provision(ConstructorInjector.java:111)
	at com.google.inject.internal.ConstructorInjector.construct(ConstructorInjector.java:90)
	at com.google.inject.internal.ConstructorBindingImpl$Factory.get(ConstructorBindingImpl.java:268)
	at com.google.inject.internal.InjectorImpl$2$1.call(InjectorImpl.java:1019)
	at com.google.inject.internal.InjectorImpl.callInContext(InjectorImpl.java:1085)
	at com.google.inject.internal.InjectorImpl$2.get(InjectorImpl.java:1015)
2019-09-05 04:24:34,998 ERROR MatsimRuntimeModifications:60 ERROR --- This is an unexpected shutdown!
2019-09-05 04:24:34,998 ERROR MatsimRuntimeModifications:63 Shutdown possibly caused by the following Exception:
com.google.inject.ProvisionException: Unable to provision, see the following errors:

1) Error injecting constructor, java.lang.OutOfMemoryError: Java heap space
  at org.matsim.core.router.TripRouter.<init>(TripRouter.java:108)
  while locating org.matsim.core.router.TripRouter

1 error
	at com.google.inject.internal.InjectorImpl$2.get(InjectorImpl.java:1028)
	at org.matsim.contrib.minibus.performance.PReRouteStrategyModule.getPlanAlgoInstance(PReRouteStrategyModule.java:54)
	at org.matsim.core.replanning.modules.AbstractMultithreadedModule.initThreads(AbstractMultithreadedModule.java:183)
	at org.matsim.core.replanning.modules.AbstractMultithreadedModule.prepareReplanning(AbstractMultithreadedModule.java:109)
	at org.matsim.core.replanning.GenericPlanStrategyImpl.init(GenericPlanStrategyImpl.java:106)
	at org.matsim.contrib.minibus.performance.PReRoute.init(PReRoute.java:59)
	at org.matsim.core.replanning.GenericStrategyManager.run(GenericStrategyManager.java:193)
	at org.matsim.core.replanning.StrategyManager.run(StrategyManager.java:191)
	at org.matsim.core.replanning.StrategyManager.run(StrategyManager.java:173)
	at org.matsim.core.controler.corelisteners.PlansReplanningImpl.notifyReplanning(PlansReplanningImpl.java:58)
	at org.matsim.core.controler.ControlerListenerManagerImpl.fireControlerReplanningEvent(ControlerListenerManagerImpl.java:206)
	at org.matsim.core.controler.AbstractController$3.run(AbstractController.java:139)
	at org.matsim.core.controler.AbstractController.iterationStep(AbstractController.java:229)
	at org.matsim.core.controler.AbstractController.iteration(AbstractController.java:136)
	at org.matsim.core.controler.AbstractController.doIterations(AbstractController.java:112)
	at org.matsim.core.controler.AbstractController.access$100(AbstractController.java:28)
	at org.matsim.core.controler.AbstractController$1.run(AbstractController.java:80)
	at org.matsim.core.controler.MatsimRuntimeModifications.run(MatsimRuntimeModifications.java:48)
	at org.matsim.core.controler.MatsimRuntimeModifications.run(MatsimRuntimeModifications.java:31)
	at org.matsim.core.controler.AbstractController.run(AbstractController.java:88)
	at org.matsim.core.controler.NewControler.run(NewControler.java:84)
	at org.matsim.core.controler.Controler.run(Controler.java:240)
	at org.matsim.project.RunMinibus.run(RunMinibus.java:68)
	at org.matsim.project.RunMinibus.main(RunMinibus.java:90)
Caused by: java.lang.OutOfMemoryError: Java heap space
	at java.base/java.util.HashMap.resize(HashMap.java:699)
	at java.base/java.util.HashMap.putVal(HashMap.java:658)
	at java.base/java.util.HashMap.put(HashMap.java:607)
	at org.matsim.pt.router.TransitRouterNetwork.createLink(TransitRouterNetwork.java:312)
	at org.matsim.pt.router.TransitRouterNetwork.createFromSchedule(TransitRouterNetwork.java:446)
	at org.matsim.pt.router.TransitRouterImplFactory.get(TransitRouterImplFactory.java:63)
	at org.matsim.pt.router.TransitRouterImplFactory.get(TransitRouterImplFactory.java:34)
	at com.google.inject.internal.ProviderInternalFactory.provision(ProviderInternalFactory.java:81)
	at com.google.inject.internal.BoundProviderFactory.provision(BoundProviderFactory.java:72)
	at com.google.inject.internal.ProviderInternalFactory.circularGet(ProviderInternalFactory.java:61)
	at com.google.inject.internal.BoundProviderFactory.get(BoundProviderFactory.java:62)
	at com.google.inject.internal.SingleParameterInjector.inject(SingleParameterInjector.java:38)
	at com.google.inject.internal.SingleParameterInjector.getAll(SingleParameterInjector.java:62)
	at com.google.inject.internal.ConstructorInjector.provision(ConstructorInjector.java:110)
	at com.google.inject.internal.ConstructorInjector.construct(ConstructorInjector.java:90)
	at com.google.inject.internal.ConstructorBindingImpl$Factory.get(ConstructorBindingImpl.java:268)
	at com.google.inject.internal.BoundProviderFactory.get(BoundProviderFactory.java:61)
	at com.google.inject.internal.FactoryProxy.get(FactoryProxy.java:56)
	at com.google.inject.internal.InjectorImpl$2$1.call(InjectorImpl.java:1019)
	at com.google.inject.internal.InjectorImpl.callInContext(InjectorImpl.java:1092)
	at com.google.inject.internal.InjectorImpl$2.get(InjectorImpl.java:1015)
	at com.google.inject.spi.ProviderLookup$1.get(ProviderLookup.java:104)
	at com.google.inject.multibindings.MapBinder$RealMapBinder$ValueProvider.get(MapBinder.java:821)
	at org.matsim.core.router.TripRouter.<init>(TripRouter.java:111)
	at org.matsim.core.router.TripRouter$$FastClassByGuice$$40b051f1.newInstance(<generated>)
	at com.google.inject.internal.DefaultConstructionProxyFactory$FastClassProxy.newInstance(DefaultConstructionProxyFactory.java:89)
	at com.google.inject.internal.ConstructorInjector.provision(ConstructorInjector.java:111)
	at com.google.inject.internal.ConstructorInjector.construct(ConstructorInjector.java:90)
	at com.google.inject.internal.ConstructorBindingImpl$Factory.get(ConstructorBindingImpl.java:268)
	at com.google.inject.internal.InjectorImpl$2$1.call(InjectorImpl.java:1019)
	at com.google.inject.internal.InjectorImpl.callInContext(InjectorImpl.java:1085)
	at com.google.inject.internal.InjectorImpl$2.get(InjectorImpl.java:1015)
2019-09-05 04:24:42,436 ERROR MatsimRuntimeModifications:78 ERROR --- MATSim unexpectedly terminated. Please check the output or the logfile with warnings and errors for hints.
2019-09-05 04:24:42,436 ERROR MatsimRuntimeModifications:79 ERROR --- results should not be used for further analysis.
2019-09-05 04:24:42,436 ERROR MatsimRuntimeModifications:83 ERROR --- This was an unexpected shutdown! See the log file for a possible reason.
