2019-07-06 01:12:26,358  WARN CreatePStops:136 file  not found. Falling back to min/max serviceArea parameters.
2019-07-06 01:13:16,460 ERROR BasicPlanAgentImpl:159 last activity of person driver agent id 1982834494 has end time < infty; setting it to infty
2019-07-06 01:13:16,460 ERROR BasicPlanAgentImpl:160  This message given only once.
2019-07-06 01:13:17,404 ERROR BasicPlanAgentImpl:130 The agent 1199223383 has no route in its leg.  Setting agent state to ABORT.
2019-07-06 01:13:17,453 ERROR BasicPlanAgentImpl:130 The agent 2370768405 has no route in its leg.  Setting agent state to ABORT.
2019-07-06 01:13:17,454 ERROR BasicPlanAgentImpl:130 The agent 1880045971 has no route in its leg.  Setting agent state to ABORT.
2019-07-06 01:13:22,553 ERROR BasicPlanAgentImpl:130 The agent 180397003 has no route in its leg.  Setting agent state to ABORT.
2019-07-06 01:13:22,646 ERROR BasicPlanAgentImpl:130 The agent 1886387347 has no route in its leg.  Setting agent state to ABORT.
2019-07-06 01:13:22,911 ERROR BasicPlanAgentImpl:130 The agent 1119429479 has no route in its leg.  Setting agent state to ABORT.
2019-07-06 01:13:23,132 ERROR BasicPlanAgentImpl:130 The agent 249461397 has no route in its leg.  Setting agent state to ABORT.
2019-07-06 01:13:23,231 ERROR BasicPlanAgentImpl:130 The agent 1199360611 has no route in its leg.  Setting agent state to ABORT.
2019-07-06 01:13:24,207 ERROR BasicPlanAgentImpl:130 The agent 1010532710 has no route in its leg.  Setting agent state to ABORT.
2019-07-06 01:13:24,208 ERROR BasicPlanAgentImpl:130 The agent 1108694837 has no route in its leg.  Setting agent state to ABORT.
2019-07-06 01:13:24,264 ERROR BasicPlanAgentImpl:130 The agent 256489621 has no route in its leg.  Setting agent state to ABORT.
2019-07-06 01:13:24,413 ERROR BasicPlanAgentImpl:130 The agent 1013451958 has no route in its leg.  Setting agent state to ABORT.
2019-07-06 01:13:24,466 ERROR BasicPlanAgentImpl:130 The agent 1342278915 has no route in its leg.  Setting agent state to ABORT.
2019-07-06 01:13:24,468 ERROR BasicPlanAgentImpl:130 The agent 1010442502 has no route in its leg.  Setting agent state to ABORT.
2019-07-06 01:13:25,079 ERROR BasicPlanAgentImpl:130 The agent 1109904437 has no route in its leg.  Setting agent state to ABORT.
2019-07-06 01:13:27,130 ERROR BasicPlanAgentImpl:130 The agent 1010553286 has no route in its leg.  Setting agent state to ABORT.
2019-07-06 01:13:27,878 ERROR BasicPlanAgentImpl:130 The agent 1150751934 has no route in its leg.  Setting agent state to ABORT.
2019-07-06 01:13:28,412 ERROR BasicPlanAgentImpl:130 The agent 104753141 has no route in its leg.  Setting agent state to ABORT.
2019-07-06 01:13:31,083 ERROR BasicPlanAgentImpl:130 The agent 180357115 has no route in its leg.  Setting agent state to ABORT.
2019-07-06 01:13:31,360 ERROR BasicPlanAgentImpl:130 The agent 1104516277 has no route in its leg.  Setting agent state to ABORT.
2019-07-06 01:13:31,927 ERROR BasicPlanAgentImpl:130 The agent 1106643541 has no route in its leg.  Setting agent state to ABORT.
2019-07-06 01:13:32,178 ERROR BasicPlanAgentImpl:130 The agent 1107043749 has no route in its leg.  Setting agent state to ABORT.
2019-07-06 01:13:32,429 ERROR BasicPlanAgentImpl:130 The agent 1107581045 has no route in its leg.  Setting agent state to ABORT.
2019-07-06 01:13:32,575 ERROR BasicPlanAgentImpl:130 The agent 2179027824 has no route in its leg.  Setting agent state to ABORT.
2019-07-06 01:13:36,224 ERROR BasicPlanAgentImpl:130 The agent 1109575573 has no route in its leg.  Setting agent state to ABORT.
2019-07-06 01:13:36,576 ERROR BasicPlanAgentImpl:130 The agent 2403124158 has no route in its leg.  Setting agent state to ABORT.
2019-07-06 01:13:36,876 ERROR BasicPlanAgentImpl:130 The agent 1107254661 has no route in its leg.  Setting agent state to ABORT.
2019-07-06 01:13:38,772 ERROR BasicPlanAgentImpl:130 The agent 181638843 has no route in its leg.  Setting agent state to ABORT.
2019-07-06 01:13:38,780 ERROR BasicPlanAgentImpl:130 The agent 1882267011 has no route in its leg.  Setting agent state to ABORT.
2019-07-06 01:13:39,247 ERROR BasicPlanAgentImpl:130 The agent 2608107585 has no route in its leg.  Setting agent state to ABORT.
2019-07-06 01:13:39,662 ERROR BasicPlanAgentImpl:130 The agent 180498155 has no route in its leg.  Setting agent state to ABORT.
2019-07-06 01:13:40,095 ERROR BasicPlanAgentImpl:130 The agent 181908299 has no route in its leg.  Setting agent state to ABORT.
2019-07-06 01:13:40,299 ERROR BasicPlanAgentImpl:130 The agent 1023626054 has no route in its leg.  Setting agent state to ABORT.
2019-07-06 01:13:41,481 ERROR BasicPlanAgentImpl:130 The agent 1983634430 has no route in its leg.  Setting agent state to ABORT.
2019-07-06 01:13:41,508 ERROR BasicPlanAgentImpl:130 The agent 191113621 has no route in its leg.  Setting agent state to ABORT.
2019-07-06 01:13:43,782 ERROR BasicPlanAgentImpl:130 The agent 1195050855 has no route in its leg.  Setting agent state to ABORT.
2019-07-06 01:13:46,869 ERROR BasicPlanAgentImpl:130 The agent 250174325 has no route in its leg.  Setting agent state to ABORT.
2019-07-06 01:13:47,777 ERROR BasicPlanAgentImpl:130 The agent 2607668065 has no route in its leg.  Setting agent state to ABORT.
2019-07-06 01:13:48,093 ERROR BasicPlanAgentImpl:130 The agent 1104609253 has no route in its leg.  Setting agent state to ABORT.
2019-07-06 01:13:49,341 ERROR BasicPlanAgentImpl:130 The agent 219892116 has no route in its leg.  Setting agent state to ABORT.
2019-07-06 01:13:49,587 ERROR BasicPlanAgentImpl:130 The agent 1007144166 has no route in its leg.  Setting agent state to ABORT.
2019-07-06 01:13:50,716 ERROR BasicPlanAgentImpl:130 The agent 2607699473 has no route in its leg.  Setting agent state to ABORT.
2019-07-06 01:13:51,438 ERROR BasicPlanAgentImpl:130 The agent 1097769589 has no route in its leg.  Setting agent state to ABORT.
2019-07-06 01:13:52,788 ERROR BasicPlanAgentImpl:130 The agent 1199068643 has no route in its leg.  Setting agent state to ABORT.
2019-07-06 01:13:54,168 ERROR BasicPlanAgentImpl:130 The agent 208424485 has no route in its leg.  Setting agent state to ABORT.
2019-07-06 01:13:54,841 ERROR BasicPlanAgentImpl:130 The agent 1097740725 has no route in its leg.  Setting agent state to ABORT.
2019-07-06 01:13:56,534 ERROR BasicPlanAgentImpl:130 The agent 1199328819 has no route in its leg.  Setting agent state to ABORT.
2019-07-06 01:13:56,778 ERROR BasicPlanAgentImpl:130 The agent 206979290 has no route in its leg.  Setting agent state to ABORT.
2019-07-06 01:13:57,147 ERROR BasicPlanAgentImpl:130 The agent 2179237408 has no route in its leg.  Setting agent state to ABORT.
2019-07-06 01:13:57,904 ERROR BasicPlanAgentImpl:130 The agent 104784197 has no route in its leg.  Setting agent state to ABORT.
2019-07-06 01:13:58,145 ERROR BasicPlanAgentImpl:130 The agent 267985540 has no route in its leg.  Setting agent state to ABORT.
2019-07-06 01:13:58,597 ERROR BasicPlanAgentImpl:130 The agent 2402986446 has no route in its leg.  Setting agent state to ABORT.
2019-07-06 01:13:59,247 ERROR BasicPlanAgentImpl:130 The agent 1108090421 has no route in its leg.  Setting agent state to ABORT.
2019-07-06 01:14:00,243 ERROR BasicPlanAgentImpl:130 The agent 208417093 has no route in its leg.  Setting agent state to ABORT.
2019-07-06 01:14:00,254 ERROR BasicPlanAgentImpl:130 The agent 1004198790 has no route in its leg.  Setting agent state to ABORT.
2019-07-06 01:14:00,678 ERROR BasicPlanAgentImpl:130 The agent 1851340662 has no route in its leg.  Setting agent state to ABORT.
2019-07-06 01:14:01,404 ERROR BasicPlanAgentImpl:130 The agent 1025169718 has no route in its leg.  Setting agent state to ABORT.
2019-07-06 01:14:02,100 ERROR BasicPlanAgentImpl:130 The agent 1107389333 has no route in its leg.  Setting agent state to ABORT.
2019-07-06 01:14:02,520 ERROR BasicPlanAgentImpl:130 The agent 1869125 has no route in its leg.  Setting agent state to ABORT.
2019-07-06 01:14:02,761 ERROR BasicPlanAgentImpl:130 The agent 1161170343 has no route in its leg.  Setting agent state to ABORT.
2019-07-06 01:14:02,802 ERROR BasicPlanAgentImpl:130 The agent 1104728437 has no route in its leg.  Setting agent state to ABORT.
2019-07-06 01:14:02,931 ERROR BasicPlanAgentImpl:130 The agent 191615733 has no route in its leg.  Setting agent state to ABORT.
2019-07-06 01:14:03,102 ERROR BasicPlanAgentImpl:130 The agent 1034467205 has no route in its leg.  Setting agent state to ABORT.
2019-07-06 01:14:03,285 ERROR BasicPlanAgentImpl:130 The agent 1983459278 has no route in its leg.  Setting agent state to ABORT.
2019-07-06 01:14:04,505 ERROR BasicPlanAgentImpl:130 The agent 1105107189 has no route in its leg.  Setting agent state to ABORT.
2019-07-06 01:14:04,849 ERROR BasicPlanAgentImpl:130 The agent 1109386981 has no route in its leg.  Setting agent state to ABORT.
2019-07-06 01:14:05,461 ERROR BasicPlanAgentImpl:130 The agent 1885439251 has no route in its leg.  Setting agent state to ABORT.
2019-07-06 01:14:05,705 ERROR BasicPlanAgentImpl:130 The agent 2543577655 has no route in its leg.  Setting agent state to ABORT.
2019-07-06 01:14:06,372 ERROR BasicPlanAgentImpl:130 The agent 126890295 has no route in its leg.  Setting agent state to ABORT.
2019-07-06 01:14:06,376 ERROR BasicPlanAgentImpl:130 The agent 2161037742 has no route in its leg.  Setting agent state to ABORT.
2019-07-06 01:14:07,545 ERROR BasicPlanAgentImpl:130 The agent 1109695493 has no route in its leg.  Setting agent state to ABORT.
2019-07-06 01:14:07,719 ERROR BasicPlanAgentImpl:130 The agent 1851378006 has no route in its leg.  Setting agent state to ABORT.
2019-07-06 01:14:08,036 ERROR BasicPlanAgentImpl:130 The agent 1033425077 has no route in its leg.  Setting agent state to ABORT.
2019-07-06 01:14:08,092 ERROR BasicPlanAgentImpl:130 The agent 1108027925 has no route in its leg.  Setting agent state to ABORT.
2019-07-06 01:14:08,742 ERROR BasicPlanAgentImpl:130 The agent 256747413 has no route in its leg.  Setting agent state to ABORT.
2019-07-06 01:14:09,428 ERROR BasicPlanAgentImpl:130 The agent 191154517 has no route in its leg.  Setting agent state to ABORT.
2019-07-06 01:14:10,147 ERROR BasicPlanAgentImpl:130 The agent 127383687 has no route in its leg.  Setting agent state to ABORT.
2019-07-06 01:14:10,170 ERROR BasicPlanAgentImpl:130 The agent 1993157 has no route in its leg.  Setting agent state to ABORT.
2019-07-06 01:14:10,692 ERROR BasicPlanAgentImpl:130 The agent 1208422388 has no route in its leg.  Setting agent state to ABORT.
2019-07-06 01:14:11,018 ERROR BasicPlanAgentImpl:130 The agent 2607842545 has no route in its leg.  Setting agent state to ABORT.
2019-07-06 01:14:11,443 ERROR BasicPlanAgentImpl:130 The agent 1098232389 has no route in its leg.  Setting agent state to ABORT.
2019-07-06 01:14:11,509 ERROR BasicPlanAgentImpl:130 The agent 127050567 has no route in its leg.  Setting agent state to ABORT.
2019-07-06 01:14:11,542 ERROR BasicPlanAgentImpl:130 The agent 1110663221 has no route in its leg.  Setting agent state to ABORT.
2019-07-06 01:14:11,659 ERROR BasicPlanAgentImpl:130 The agent 256109125 has no route in its leg.  Setting agent state to ABORT.
2019-07-06 01:14:11,817 ERROR BasicPlanAgentImpl:130 The agent 1033738693 has no route in its leg.  Setting agent state to ABORT.
2019-07-06 01:14:12,610 ERROR BasicPlanAgentImpl:130 The agent 1022210582 has no route in its leg.  Setting agent state to ABORT.
2019-07-06 01:14:12,612 ERROR BasicPlanAgentImpl:130 The agent 104562869 has no route in its leg.  Setting agent state to ABORT.
2019-07-06 01:14:12,931 ERROR BasicPlanAgentImpl:130 The agent 2585306477 has no route in its leg.  Setting agent state to ABORT.
2019-07-06 01:14:14,428 ERROR BasicPlanAgentImpl:130 The agent 1201324035 has no route in its leg.  Setting agent state to ABORT.
2019-07-06 01:14:14,971 ERROR BasicPlanAgentImpl:130 The agent 2370183397 has no route in its leg.  Setting agent state to ABORT.
2019-07-06 01:14:15,059 ERROR BasicPlanAgentImpl:130 The agent 1110894981 has no route in its leg.  Setting agent state to ABORT.
2019-07-06 01:14:15,173 ERROR BasicPlanAgentImpl:130 The agent 1013626918 has no route in its leg.  Setting agent state to ABORT.
2019-07-06 01:14:15,279 ERROR BasicPlanAgentImpl:130 The agent 1109016501 has no route in its leg.  Setting agent state to ABORT.
2019-07-06 01:14:16,708 ERROR BasicPlanAgentImpl:130 The agent 248511045 has no route in its leg.  Setting agent state to ABORT.
2019-07-06 01:14:16,814 ERROR BasicPlanAgentImpl:130 The agent 1109117893 has no route in its leg.  Setting agent state to ABORT.
2019-07-06 01:14:16,971 ERROR BasicPlanAgentImpl:130 The agent 2403355374 has no route in its leg.  Setting agent state to ABORT.
2019-07-06 01:14:16,983 ERROR BasicPlanAgentImpl:130 The agent 1007135958 has no route in its leg.  Setting agent state to ABORT.
2019-07-06 01:14:17,657 ERROR BasicPlanAgentImpl:130 The agent 267897332 has no route in its leg.  Setting agent state to ABORT.
2019-07-06 01:14:18,065 ERROR BasicPlanAgentImpl:130 The agent 2403775166 has no route in its leg.  Setting agent state to ABORT.
2019-07-06 01:14:18,235 ERROR BasicPlanAgentImpl:130 The agent 1150710910 has no route in its leg.  Setting agent state to ABORT.
2019-07-06 01:14:18,284 ERROR BasicPlanAgentImpl:130 The agent 2664437946 has no route in its leg.  Setting agent state to ABORT.
2019-07-06 01:14:18,342 ERROR BasicPlanAgentImpl:130 The agent 191157653 has no route in its leg.  Setting agent state to ABORT.
2019-07-06 01:14:18,516 ERROR BasicPlanAgentImpl:130 The agent 1028531621 has no route in its leg.  Setting agent state to ABORT.
2019-07-06 01:14:18,621 ERROR BasicPlanAgentImpl:130 The agent 1107915493 has no route in its leg.  Setting agent state to ABORT.
2019-07-06 01:14:18,658 ERROR BasicPlanAgentImpl:130 The agent 1098183173 has no route in its leg.  Setting agent state to ABORT.
2019-07-06 01:14:18,695 ERROR BasicPlanAgentImpl:130 The agent 2677249488 has no route in its leg.  Setting agent state to ABORT.
2019-07-06 01:14:19,212 ERROR BasicPlanAgentImpl:130 The agent 2586030813 has no route in its leg.  Setting agent state to ABORT.
2019-07-06 01:14:19,538 ERROR BasicPlanAgentImpl:130 The agent 1879871859 has no route in its leg.  Setting agent state to ABORT.
2019-07-06 01:14:19,542 ERROR BasicPlanAgentImpl:130 The agent 1983659838 has no route in its leg.  Setting agent state to ABORT.
2019-07-06 01:14:19,545 ERROR BasicPlanAgentImpl:130 The agent 104260597 has no route in its leg.  Setting agent state to ABORT.
2019-07-06 01:14:19,771 ERROR BasicPlanAgentImpl:130 The agent 104852805 has no route in its leg.  Setting agent state to ABORT.
2019-07-06 01:14:20,294 ERROR BasicPlanAgentImpl:130 The agent 1983575294 has no route in its leg.  Setting agent state to ABORT.
2019-07-06 01:14:20,455 ERROR BasicPlanAgentImpl:130 The agent 176708639 has no route in its leg.  Setting agent state to ABORT.
2019-07-06 01:14:20,540 ERROR BasicPlanAgentImpl:130 The agent 1109265109 has no route in its leg.  Setting agent state to ABORT.
2019-07-06 01:14:20,909 ERROR BasicPlanAgentImpl:130 The agent 104209429 has no route in its leg.  Setting agent state to ABORT.
2019-07-06 01:14:20,911 ERROR BasicPlanAgentImpl:130 The agent 1098213989 has no route in its leg.  Setting agent state to ABORT.
2019-07-06 01:14:20,926 ERROR BasicPlanAgentImpl:130 The agent 1034336501 has no route in its leg.  Setting agent state to ABORT.
2019-07-06 01:14:22,458 ERROR BasicPlanAgentImpl:130 The agent 2585437181 has no route in its leg.  Setting agent state to ABORT.
2019-07-06 01:14:22,476 ERROR BasicPlanAgentImpl:130 The agent 1104993605 has no route in its leg.  Setting agent state to ABORT.
2019-07-06 01:14:22,674 ERROR BasicPlanAgentImpl:130 The agent 248703477 has no route in its leg.  Setting agent state to ABORT.
2019-07-06 01:14:22,794 ERROR BasicPlanAgentImpl:130 The agent 2543654807 has no route in its leg.  Setting agent state to ABORT.
2019-07-06 01:14:22,809 ERROR BasicPlanAgentImpl:130 The agent 256624181 has no route in its leg.  Setting agent state to ABORT.
2019-07-06 01:14:22,953 ERROR BasicPlanAgentImpl:130 The agent 254876197 has no route in its leg.  Setting agent state to ABORT.
2019-07-06 01:14:23,509 ERROR BasicPlanAgentImpl:130 The agent 1097818501 has no route in its leg.  Setting agent state to ABORT.
2019-07-06 01:14:23,802 ERROR BasicPlanAgentImpl:130 The agent 191483461 has no route in its leg.  Setting agent state to ABORT.
2019-07-06 01:14:24,017 ERROR BasicPlanAgentImpl:130 The agent 104253877 has no route in its leg.  Setting agent state to ABORT.
2019-07-06 01:14:24,099 ERROR BasicPlanAgentImpl:130 The agent 191607589 has no route in its leg.  Setting agent state to ABORT.
2019-07-06 01:14:24,283 ERROR BasicPlanAgentImpl:130 The agent 1110779941 has no route in its leg.  Setting agent state to ABORT.
2019-07-06 01:14:24,679 ERROR BasicPlanAgentImpl:130 The agent 104191029 has no route in its leg.  Setting agent state to ABORT.
2019-07-06 01:14:24,782 ERROR BasicPlanAgentImpl:130 The agent 1013489686 has no route in its leg.  Setting agent state to ABORT.
2019-07-06 01:14:24,873 ERROR BasicPlanAgentImpl:130 The agent 1109114037 has no route in its leg.  Setting agent state to ABORT.
2019-07-06 01:14:24,977 ERROR BasicPlanAgentImpl:130 The agent 181583787 has no route in its leg.  Setting agent state to ABORT.
2019-07-06 01:14:25,236 ERROR BasicPlanAgentImpl:130 The agent 1199494483 has no route in its leg.  Setting agent state to ABORT.
2019-07-06 01:14:25,258 ERROR BasicPlanAgentImpl:130 The agent 2607605281 has no route in its leg.  Setting agent state to ABORT.
2019-07-06 01:14:25,585 ERROR BasicPlanAgentImpl:130 The agent 2677199248 has no route in its leg.  Setting agent state to ABORT.
2019-07-06 01:14:25,868 ERROR BasicPlanAgentImpl:130 The agent 1022173766 has no route in its leg.  Setting agent state to ABORT.
2019-07-06 01:14:26,065 ERROR BasicPlanAgentImpl:130 The agent 248839493 has no route in its leg.  Setting agent state to ABORT.
2019-07-06 01:14:26,345 ERROR BasicPlanAgentImpl:130 The agent 1034362213 has no route in its leg.  Setting agent state to ABORT.
2019-07-06 01:14:26,358 ERROR BasicPlanAgentImpl:130 The agent 191570213 has no route in its leg.  Setting agent state to ABORT.
2019-07-06 01:14:26,790 ERROR BasicPlanAgentImpl:130 The agent 254612837 has no route in its leg.  Setting agent state to ABORT.
2019-07-06 01:14:26,922 ERROR BasicPlanAgentImpl:130 The agent 2403029486 has no route in its leg.  Setting agent state to ABORT.
2019-07-06 01:14:27,034 ERROR BasicPlanAgentImpl:130 The agent 1852744147 has no route in its leg.  Setting agent state to ABORT.
2019-07-06 01:14:27,041 ERROR BasicPlanAgentImpl:130 The agent 2586125821 has no route in its leg.  Setting agent state to ABORT.
2019-07-06 01:14:27,312 ERROR BasicPlanAgentImpl:130 The agent 1983554366 has no route in its leg.  Setting agent state to ABORT.
2019-07-06 01:14:27,552 ERROR BasicPlanAgentImpl:130 The agent 2583848061 has no route in its leg.  Setting agent state to ABORT.
2019-07-06 01:14:27,628 ERROR BasicPlanAgentImpl:130 The agent 249238469 has no route in its leg.  Setting agent state to ABORT.
2019-07-06 01:14:28,011 ERROR BasicPlanAgentImpl:130 The agent 1022145750 has no route in its leg.  Setting agent state to ABORT.
2019-07-06 01:14:28,036 ERROR BasicPlanAgentImpl:130 The agent 1025288870 has no route in its leg.  Setting agent state to ABORT.
2019-07-06 01:14:28,277 ERROR BasicPlanAgentImpl:130 The agent 2403333838 has no route in its leg.  Setting agent state to ABORT.
2019-07-06 01:14:28,904 ERROR BasicPlanAgentImpl:130 The agent 1306011235 has no route in its leg.  Setting agent state to ABORT.
2019-07-06 01:14:28,915 ERROR BasicPlanAgentImpl:130 The agent 1138854453 has no route in its leg.  Setting agent state to ABORT.
2019-07-06 01:14:29,160 ERROR BasicPlanAgentImpl:130 The agent 208171952 has no route in its leg.  Setting agent state to ABORT.
2019-07-06 01:14:29,395 ERROR BasicPlanAgentImpl:130 The agent 256163381 has no route in its leg.  Setting agent state to ABORT.
2019-07-06 01:14:29,562 ERROR BasicPlanAgentImpl:130 The agent 1098062645 has no route in its leg.  Setting agent state to ABORT.
2019-07-06 01:14:29,662 ERROR BasicPlanAgentImpl:130 The agent 1007128518 has no route in its leg.  Setting agent state to ABORT.
2019-07-06 01:14:32,711 ERROR BasicPlanAgentImpl:130 The agent 1108259397 has no route in its leg.  Setting agent state to ABORT.
2019-07-06 01:14:32,722 ERROR BasicPlanAgentImpl:130 The agent 1107088693 has no route in its leg.  Setting agent state to ABORT.
2019-07-06 01:14:32,890 ERROR BasicPlanAgentImpl:130 The agent 1851355526 has no route in its leg.  Setting agent state to ABORT.
2019-07-06 01:14:33,222 ERROR BasicPlanAgentImpl:130 The agent 2160859774 has no route in its leg.  Setting agent state to ABORT.
2019-07-06 01:14:33,412 ERROR BasicPlanAgentImpl:130 The agent 249652741 has no route in its leg.  Setting agent state to ABORT.
2019-07-06 01:14:33,789 ERROR BasicPlanAgentImpl:130 The agent 1023634438 has no route in its leg.  Setting agent state to ABORT.
2019-07-06 01:14:33,815 ERROR BasicPlanAgentImpl:130 The agent 2588189677 has no route in its leg.  Setting agent state to ABORT.
2019-07-06 01:14:34,127 ERROR BasicPlanAgentImpl:130 The agent 1010396822 has no route in its leg.  Setting agent state to ABORT.
2019-07-06 01:14:34,239 ERROR BasicPlanAgentImpl:130 The agent 1034916965 has no route in its leg.  Setting agent state to ABORT.
2019-07-06 01:14:34,368 ERROR BasicPlanAgentImpl:130 The agent 1110045925 has no route in its leg.  Setting agent state to ABORT.
2019-07-06 01:14:34,465 ERROR BasicPlanAgentImpl:130 The agent 1983628014 has no route in its leg.  Setting agent state to ABORT.
2019-07-06 01:14:34,880 ERROR BasicPlanAgentImpl:130 The agent 1109454453 has no route in its leg.  Setting agent state to ABORT.
2019-07-06 01:14:34,906 ERROR BasicPlanAgentImpl:130 The agent 1007280214 has no route in its leg.  Setting agent state to ABORT.
2019-07-06 01:14:34,937 ERROR BasicPlanAgentImpl:130 The agent 1105095685 has no route in its leg.  Setting agent state to ABORT.
2019-07-06 01:14:35,222 ERROR BasicPlanAgentImpl:130 The agent 191315237 has no route in its leg.  Setting agent state to ABORT.
2019-07-06 01:14:35,580 ERROR BasicPlanAgentImpl:130 The agent 1107831701 has no route in its leg.  Setting agent state to ABORT.
2019-07-06 01:14:35,937 ERROR BasicPlanAgentImpl:130 The agent 107416532 has no route in its leg.  Setting agent state to ABORT.
2019-07-06 01:14:36,118 ERROR BasicPlanAgentImpl:130 The agent 1109060165 has no route in its leg.  Setting agent state to ABORT.
2019-07-06 01:14:36,197 ERROR BasicPlanAgentImpl:130 The agent 2227221 has no route in its leg.  Setting agent state to ABORT.
2019-07-06 01:14:36,203 ERROR BasicPlanAgentImpl:130 The agent 209261104 has no route in its leg.  Setting agent state to ABORT.
2019-07-06 01:14:36,446 ERROR BasicPlanAgentImpl:130 The agent 1226089045 has no route in its leg.  Setting agent state to ABORT.
2019-07-06 01:14:36,472 ERROR BasicPlanAgentImpl:130 The agent 1104912917 has no route in its leg.  Setting agent state to ABORT.
2019-07-06 01:14:36,483 ERROR BasicPlanAgentImpl:130 The agent 1107472085 has no route in its leg.  Setting agent state to ABORT.
2019-07-06 01:14:36,515 ERROR BasicPlanAgentImpl:130 The agent 1034693349 has no route in its leg.  Setting agent state to ABORT.
2019-07-06 01:14:36,553 ERROR BasicPlanAgentImpl:130 The agent 181230923 has no route in its leg.  Setting agent state to ABORT.
2019-07-06 01:14:36,621 ERROR BasicPlanAgentImpl:130 The agent 1108254789 has no route in its leg.  Setting agent state to ABORT.
2019-07-06 01:14:36,747 ERROR BasicPlanAgentImpl:130 The agent 1028427813 has no route in its leg.  Setting agent state to ABORT.
2019-07-06 01:14:36,988 ERROR BasicPlanAgentImpl:130 The agent 2586506077 has no route in its leg.  Setting agent state to ABORT.
2019-07-06 01:14:37,568 ERROR BasicPlanAgentImpl:130 The agent 255749541 has no route in its leg.  Setting agent state to ABORT.
2019-07-06 01:14:37,735 ERROR BasicPlanAgentImpl:130 The agent 2677098336 has no route in its leg.  Setting agent state to ABORT.
2019-07-06 01:14:37,736 ERROR BasicPlanAgentImpl:130 The agent 1199527651 has no route in its leg.  Setting agent state to ABORT.
2019-07-06 01:14:37,738 ERROR BasicPlanAgentImpl:130 The agent 1226380613 has no route in its leg.  Setting agent state to ABORT.
2019-07-06 01:14:37,820 ERROR BasicPlanAgentImpl:130 The agent 104372837 has no route in its leg.  Setting agent state to ABORT.
2019-07-06 01:14:38,045 ERROR BasicPlanAgentImpl:130 The agent 1107490373 has no route in its leg.  Setting agent state to ABORT.
2019-07-06 01:14:38,113 ERROR BasicPlanAgentImpl:130 The agent 1107532053 has no route in its leg.  Setting agent state to ABORT.
2019-07-06 01:14:38,152 ERROR BasicPlanAgentImpl:130 The agent 1108105957 has no route in its leg.  Setting agent state to ABORT.
2019-07-06 01:14:38,396 ERROR BasicPlanAgentImpl:130 The agent 1109167845 has no route in its leg.  Setting agent state to ABORT.
2019-07-06 01:14:38,410 ERROR BasicPlanAgentImpl:130 The agent 1983756638 has no route in its leg.  Setting agent state to ABORT.
2019-07-06 01:14:38,513 ERROR BasicPlanAgentImpl:130 The agent 1007357638 has no route in its leg.  Setting agent state to ABORT.
2019-07-06 01:14:38,824 ERROR BasicPlanAgentImpl:130 The agent 1108824613 has no route in its leg.  Setting agent state to ABORT.
2019-07-06 01:14:39,048 ERROR BasicPlanAgentImpl:130 The agent 1110454373 has no route in its leg.  Setting agent state to ABORT.
2019-07-06 01:14:39,091 ERROR BasicPlanAgentImpl:130 The agent 1110348293 has no route in its leg.  Setting agent state to ABORT.
2019-07-06 01:14:39,406 ERROR BasicPlanAgentImpl:130 The agent 1851430598 has no route in its leg.  Setting agent state to ABORT.
2019-07-06 01:14:39,416 ERROR BasicPlanAgentImpl:130 The agent 1013459302 has no route in its leg.  Setting agent state to ABORT.
2019-07-06 01:14:39,609 ERROR BasicPlanAgentImpl:130 The agent 1199419283 has no route in its leg.  Setting agent state to ABORT.
2019-07-06 01:14:39,895 ERROR BasicPlanAgentImpl:130 The agent 191440453 has no route in its leg.  Setting agent state to ABORT.
2019-07-06 01:14:40,138 ERROR BasicPlanAgentImpl:130 The agent 207125242 has no route in its leg.  Setting agent state to ABORT.
2019-07-06 01:14:40,163 ERROR BasicPlanAgentImpl:130 The agent 1109423637 has no route in its leg.  Setting agent state to ABORT.
2019-07-06 01:14:40,354 ERROR BasicPlanAgentImpl:130 The agent 1882005027 has no route in its leg.  Setting agent state to ABORT.
2019-07-06 01:14:40,762 ERROR BasicPlanAgentImpl:130 The agent 127336055 has no route in its leg.  Setting agent state to ABORT.
2019-07-06 01:14:40,839 ERROR BasicPlanAgentImpl:130 The agent 191032501 has no route in its leg.  Setting agent state to ABORT.
2019-07-06 01:14:41,380 ERROR BasicPlanAgentImpl:130 The agent 1823237 has no route in its leg.  Setting agent state to ABORT.
2019-07-06 01:14:41,384 ERROR BasicPlanAgentImpl:130 The agent 249011749 has no route in its leg.  Setting agent state to ABORT.
2019-07-06 01:14:42,144 ERROR BasicPlanAgentImpl:130 The agent 255040949 has no route in its leg.  Setting agent state to ABORT.
2019-07-06 01:14:42,240 ERROR BasicPlanAgentImpl:130 The agent 1138760469 has no route in its leg.  Setting agent state to ABORT.
2019-07-06 01:14:42,283 ERROR BasicPlanAgentImpl:130 The agent 1983729006 has no route in its leg.  Setting agent state to ABORT.
2019-07-06 01:14:42,460 ERROR BasicPlanAgentImpl:130 The agent 1199318915 has no route in its leg.  Setting agent state to ABORT.
2019-07-06 01:14:42,607 ERROR BasicPlanAgentImpl:130 The agent 104723893 has no route in its leg.  Setting agent state to ABORT.
2019-07-06 01:14:42,711 ERROR BasicPlanAgentImpl:130 The agent 1882757747 has no route in its leg.  Setting agent state to ABORT.
2019-07-06 01:14:42,841 ERROR BasicPlanAgentImpl:130 The agent 1104563877 has no route in its leg.  Setting agent state to ABORT.
2019-07-06 01:14:43,048 ERROR BasicPlanAgentImpl:130 The agent 182071995 has no route in its leg.  Setting agent state to ABORT.
2019-07-06 01:14:43,052 ERROR BasicPlanAgentImpl:130 The agent 2584553405 has no route in its leg.  Setting agent state to ABORT.
2019-07-06 01:14:43,261 ERROR BasicPlanAgentImpl:130 The agent 1336720339 has no route in its leg.  Setting agent state to ABORT.
2019-07-06 01:14:43,584 ERROR BasicPlanAgentImpl:130 The agent 1106401909 has no route in its leg.  Setting agent state to ABORT.
2019-07-06 01:14:44,408 ERROR BasicPlanAgentImpl:130 The agent 1034574181 has no route in its leg.  Setting agent state to ABORT.
2019-07-06 01:14:44,574 ERROR BasicPlanAgentImpl:130 The agent 2402851518 has no route in its leg.  Setting agent state to ABORT.
2019-07-06 01:14:44,718 ERROR BasicPlanAgentImpl:130 The agent 2370687717 has no route in its leg.  Setting agent state to ABORT.
2019-07-06 01:14:45,581 ERROR BasicPlanAgentImpl:130 The agent 1983531166 has no route in its leg.  Setting agent state to ABORT.
2019-07-06 01:14:45,998 ERROR BasicPlanAgentImpl:130 The agent 1199367203 has no route in its leg.  Setting agent state to ABORT.
2019-07-06 01:14:46,004 ERROR BasicPlanAgentImpl:130 The agent 1909685 has no route in its leg.  Setting agent state to ABORT.
2019-07-06 01:14:46,009 ERROR BasicPlanAgentImpl:130 The agent 224110335 has no route in its leg.  Setting agent state to ABORT.
2019-07-06 01:14:46,201 ERROR BasicPlanAgentImpl:130 The agent 1983410126 has no route in its leg.  Setting agent state to ABORT.
2019-07-06 01:14:46,218 ERROR BasicPlanAgentImpl:130 The agent 1028872389 has no route in its leg.  Setting agent state to ABORT.
2019-07-06 01:14:46,342 ERROR BasicPlanAgentImpl:130 The agent 208063157 has no route in its leg.  Setting agent state to ABORT.
2019-07-06 01:14:46,358 ERROR BasicPlanAgentImpl:130 The agent 1856945373 has no route in its leg.  Setting agent state to ABORT.
2019-07-06 01:14:46,798 ERROR BasicPlanAgentImpl:130 The agent 248605109 has no route in its leg.  Setting agent state to ABORT.
2019-07-06 01:14:46,895 ERROR BasicPlanAgentImpl:130 The agent 104175301 has no route in its leg.  Setting agent state to ABORT.
2019-07-06 01:14:46,996 ERROR BasicPlanAgentImpl:130 The agent 1107383781 has no route in its leg.  Setting agent state to ABORT.
2019-07-06 01:14:47,169 ERROR BasicPlanAgentImpl:130 The agent 1108483237 has no route in its leg.  Setting agent state to ABORT.
2019-07-06 01:14:47,434 ERROR BasicPlanAgentImpl:130 The agent 108703212 has no route in its leg.  Setting agent state to ABORT.
2019-07-06 01:14:47,529 ERROR BasicPlanAgentImpl:130 The agent 249635381 has no route in its leg.  Setting agent state to ABORT.
2019-07-06 01:14:47,547 ERROR BasicPlanAgentImpl:130 The agent 1107541717 has no route in its leg.  Setting agent state to ABORT.
2019-07-06 01:14:47,839 ERROR BasicPlanAgentImpl:130 The agent 181959803 has no route in its leg.  Setting agent state to ABORT.
2019-07-06 01:14:48,337 ERROR BasicPlanAgentImpl:130 The agent 1856647805 has no route in its leg.  Setting agent state to ABORT.
2019-07-06 01:14:48,468 ERROR BasicPlanAgentImpl:130 The agent 2584067117 has no route in its leg.  Setting agent state to ABORT.
2019-07-06 01:14:48,673 ERROR BasicPlanAgentImpl:130 The agent 1199523603 has no route in its leg.  Setting agent state to ABORT.
2019-07-06 01:14:48,756 ERROR BasicPlanAgentImpl:130 The agent 1882048371 has no route in its leg.  Setting agent state to ABORT.
2019-07-06 01:14:48,807 ERROR BasicPlanAgentImpl:130 The agent 1199282931 has no route in its leg.  Setting agent state to ABORT.
2019-07-06 01:14:48,865 ERROR BasicPlanAgentImpl:130 The agent 1104393861 has no route in its leg.  Setting agent state to ABORT.
2019-07-06 01:14:48,942 ERROR BasicPlanAgentImpl:130 The agent 1007234278 has no route in its leg.  Setting agent state to ABORT.
2019-07-06 01:14:49,084 ERROR BasicPlanAgentImpl:130 The agent 116677717 has no route in its leg.  Setting agent state to ABORT.
2019-07-06 01:14:49,108 ERROR BasicPlanAgentImpl:130 The agent 181005275 has no route in its leg.  Setting agent state to ABORT.
2019-07-06 01:14:49,378 ERROR BasicPlanAgentImpl:130 The agent 2403682046 has no route in its leg.  Setting agent state to ABORT.
2019-07-06 01:14:49,381 ERROR BasicPlanAgentImpl:130 The agent 1983753598 has no route in its leg.  Setting agent state to ABORT.
2019-07-06 01:14:49,387 ERROR BasicPlanAgentImpl:130 The agent 1110746773 has no route in its leg.  Setting agent state to ABORT.
2019-07-06 01:14:49,518 ERROR BasicPlanAgentImpl:130 The agent 1000105062 has no route in its leg.  Setting agent state to ABORT.
2019-07-06 01:14:49,845 ERROR BasicPlanAgentImpl:130 The agent 1139050309 has no route in its leg.  Setting agent state to ABORT.
2019-07-06 01:14:49,875 ERROR BasicPlanAgentImpl:130 The agent 1109238581 has no route in its leg.  Setting agent state to ABORT.
2019-07-06 01:14:50,076 ERROR BasicPlanAgentImpl:130 The agent 1199441539 has no route in its leg.  Setting agent state to ABORT.
2019-07-06 01:14:50,084 ERROR BasicPlanAgentImpl:130 The agent 257070341 has no route in its leg.  Setting agent state to ABORT.
2019-07-06 01:14:50,733 ERROR BasicPlanAgentImpl:130 The agent 1850809622 has no route in its leg.  Setting agent state to ABORT.
2019-07-06 01:14:50,849 ERROR BasicPlanAgentImpl:130 The agent 2403813742 has no route in its leg.  Setting agent state to ABORT.
2019-07-06 01:14:50,996 ERROR BasicPlanAgentImpl:130 The agent 1105106789 has no route in its leg.  Setting agent state to ABORT.
2019-07-06 01:14:51,122 ERROR BasicPlanAgentImpl:130 The agent 2189388719 has no route in its leg.  Setting agent state to ABORT.
2019-07-06 01:14:51,129 ERROR BasicPlanAgentImpl:130 The agent 2664248202 has no route in its leg.  Setting agent state to ABORT.
2019-07-06 01:14:51,958 ERROR BasicPlanAgentImpl:130 The agent 2189658511 has no route in its leg.  Setting agent state to ABORT.
2019-07-06 01:14:52,097 ERROR BasicPlanAgentImpl:130 The agent 1111197749 has no route in its leg.  Setting agent state to ABORT.
2019-07-06 01:14:52,691 ERROR BasicPlanAgentImpl:130 The agent 1022319430 has no route in its leg.  Setting agent state to ABORT.
2019-07-06 01:14:53,001 ERROR BasicPlanAgentImpl:130 The agent 191061285 has no route in its leg.  Setting agent state to ABORT.
2019-07-06 01:14:53,657 ERROR BasicPlanAgentImpl:130 The agent 2677260544 has no route in its leg.  Setting agent state to ABORT.
2019-07-06 01:14:53,885 ERROR BasicPlanAgentImpl:130 The agent 1199387907 has no route in its leg.  Setting agent state to ABORT.
2019-07-06 01:14:53,905 ERROR BasicPlanAgentImpl:130 The agent 1983733710 has no route in its leg.  Setting agent state to ABORT.
2019-07-06 01:14:54,029 ERROR BasicPlanAgentImpl:130 The agent 1000058678 has no route in its leg.  Setting agent state to ABORT.
2019-07-06 01:14:54,201 ERROR BasicPlanAgentImpl:130 The agent 1029046965 has no route in its leg.  Setting agent state to ABORT.
2019-07-06 01:14:54,339 ERROR BasicPlanAgentImpl:130 The agent 104597317 has no route in its leg.  Setting agent state to ABORT.
2019-07-06 01:14:54,353 ERROR BasicPlanAgentImpl:130 The agent 1023500774 has no route in its leg.  Setting agent state to ABORT.
2019-07-06 01:14:54,669 ERROR BasicPlanAgentImpl:130 The agent 1337947139 has no route in its leg.  Setting agent state to ABORT.
2019-07-06 01:14:54,713 ERROR BasicPlanAgentImpl:130 The agent 1034100373 has no route in its leg.  Setting agent state to ABORT.
2019-07-06 01:14:55,017 ERROR BasicPlanAgentImpl:130 The agent 1028955701 has no route in its leg.  Setting agent state to ABORT.
2019-07-06 01:14:55,250 ERROR BasicPlanAgentImpl:130 The agent 1107437989 has no route in its leg.  Setting agent state to ABORT.
2019-07-06 01:14:55,273 ERROR BasicPlanAgentImpl:130 The agent 104241397 has no route in its leg.  Setting agent state to ABORT.
2019-07-06 01:14:55,440 ERROR BasicPlanAgentImpl:130 The agent 1109004373 has no route in its leg.  Setting agent state to ABORT.
2019-07-06 01:14:55,784 ERROR BasicPlanAgentImpl:130 The agent 1110349605 has no route in its leg.  Setting agent state to ABORT.
2019-07-06 01:14:56,034 ERROR BasicPlanAgentImpl:130 The agent 127394871 has no route in its leg.  Setting agent state to ABORT.
2019-07-06 01:14:56,160 ERROR BasicPlanAgentImpl:130 The agent 1983676286 has no route in its leg.  Setting agent state to ABORT.
2019-07-06 01:14:56,185 ERROR BasicPlanAgentImpl:130 The agent 181911483 has no route in its leg.  Setting agent state to ABORT.
2019-07-06 01:14:56,346 ERROR BasicPlanAgentImpl:130 The agent 1346946211 has no route in its leg.  Setting agent state to ABORT.
2019-07-06 01:14:56,525 ERROR BasicPlanAgentImpl:130 The agent 1107827621 has no route in its leg.  Setting agent state to ABORT.
2019-07-06 01:14:56,735 ERROR BasicPlanAgentImpl:130 The agent 1983486766 has no route in its leg.  Setting agent state to ABORT.
2019-07-06 01:14:57,191 ERROR BasicPlanAgentImpl:130 The agent 1106571829 has no route in its leg.  Setting agent state to ABORT.
2019-07-06 01:14:57,206 ERROR BasicPlanAgentImpl:130 The agent 104644805 has no route in its leg.  Setting agent state to ABORT.
2019-07-06 01:14:57,687 ERROR BasicPlanAgentImpl:130 The agent 1139552085 has no route in its leg.  Setting agent state to ABORT.
2019-07-06 01:14:57,896 ERROR BasicPlanAgentImpl:130 The agent 2372287685 has no route in its leg.  Setting agent state to ABORT.
2019-07-06 01:14:58,002 ERROR BasicPlanAgentImpl:130 The agent 181237003 has no route in its leg.  Setting agent state to ABORT.
2019-07-06 01:14:58,149 ERROR BasicPlanAgentImpl:130 The agent 1882748467 has no route in its leg.  Setting agent state to ABORT.
2019-07-06 01:14:58,298 ERROR BasicPlanAgentImpl:130 The agent 257055541 has no route in its leg.  Setting agent state to ABORT.
2019-07-06 01:14:58,306 ERROR BasicPlanAgentImpl:130 The agent 1108877861 has no route in its leg.  Setting agent state to ABORT.
2019-07-06 01:14:58,592 ERROR BasicPlanAgentImpl:130 The agent 1108138853 has no route in its leg.  Setting agent state to ABORT.
2019-07-06 01:14:58,600 ERROR BasicPlanAgentImpl:130 The agent 1336678995 has no route in its leg.  Setting agent state to ABORT.
2019-07-06 01:14:58,611 ERROR BasicPlanAgentImpl:130 The agent 1097952597 has no route in its leg.  Setting agent state to ABORT.
2019-07-06 01:14:58,765 ERROR BasicPlanAgentImpl:130 The agent 255153589 has no route in its leg.  Setting agent state to ABORT.
2019-07-06 01:14:58,775 ERROR BasicPlanAgentImpl:130 The agent 1138827893 has no route in its leg.  Setting agent state to ABORT.
2019-07-06 01:14:59,500 ERROR BasicPlanAgentImpl:130 The agent 2607637265 has no route in its leg.  Setting agent state to ABORT.
2019-07-06 01:14:59,929 ERROR BasicPlanAgentImpl:130 The agent 1107307413 has no route in its leg.  Setting agent state to ABORT.
2019-07-06 01:14:59,939 ERROR BasicPlanAgentImpl:130 The agent 1612978597 has no route in its leg.  Setting agent state to ABORT.
2019-07-06 01:14:59,948 ERROR BasicPlanAgentImpl:130 The agent 1983702398 has no route in its leg.  Setting agent state to ABORT.
2019-07-06 01:15:01,108 ERROR BasicPlanAgentImpl:130 The agent 1108985989 has no route in its leg.  Setting agent state to ABORT.
2019-07-06 01:15:01,298 ERROR BasicPlanAgentImpl:130 The agent 1023496566 has no route in its leg.  Setting agent state to ABORT.
2019-07-06 01:15:01,804 ERROR BasicPlanAgentImpl:130 The agent 1168024487 has no route in its leg.  Setting agent state to ABORT.
2019-07-06 01:15:01,850 ERROR BasicPlanAgentImpl:130 The agent 1112134954 has no route in its leg.  Setting agent state to ABORT.
2019-07-06 01:15:01,916 ERROR BasicPlanAgentImpl:130 The agent 1983555454 has no route in its leg.  Setting agent state to ABORT.
2019-07-06 01:15:01,920 ERROR BasicPlanAgentImpl:130 The agent 1108131973 has no route in its leg.  Setting agent state to ABORT.
2019-07-06 01:15:01,921 ERROR BasicPlanAgentImpl:130 The agent 1983647966 has no route in its leg.  Setting agent state to ABORT.
2019-07-06 01:15:01,972 ERROR BasicPlanAgentImpl:130 The agent 207679733 has no route in its leg.  Setting agent state to ABORT.
2019-07-06 01:15:02,499 ERROR BasicPlanAgentImpl:130 The agent 137236901 has no route in its leg.  Setting agent state to ABORT.
2019-07-06 01:15:02,507 ERROR BasicPlanAgentImpl:130 The agent 256581029 has no route in its leg.  Setting agent state to ABORT.
2019-07-06 01:15:02,529 ERROR BasicPlanAgentImpl:130 The agent 1121069719 has no route in its leg.  Setting agent state to ABORT.
2019-07-06 01:15:02,538 ERROR BasicPlanAgentImpl:130 The agent 1109955285 has no route in its leg.  Setting agent state to ABORT.
2019-07-06 01:15:02,859 ERROR BasicPlanAgentImpl:130 The agent 249513381 has no route in its leg.  Setting agent state to ABORT.
2019-07-06 01:15:02,895 ERROR BasicPlanAgentImpl:130 The agent 256646693 has no route in its leg.  Setting agent state to ABORT.
2019-07-06 01:15:03,018 ERROR BasicPlanAgentImpl:130 The agent 2608069601 has no route in its leg.  Setting agent state to ABORT.
2019-07-06 01:15:03,129 ERROR BasicPlanAgentImpl:130 The agent 1108262581 has no route in its leg.  Setting agent state to ABORT.
2019-07-06 01:15:03,292 ERROR BasicPlanAgentImpl:130 The agent 2664282666 has no route in its leg.  Setting agent state to ABORT.
2019-07-06 01:15:03,385 ERROR BasicPlanAgentImpl:130 The agent 181440251 has no route in its leg.  Setting agent state to ABORT.
2019-07-06 01:15:03,656 ERROR BasicPlanAgentImpl:130 The agent 1109854581 has no route in its leg.  Setting agent state to ABORT.
2019-07-06 01:15:03,661 ERROR BasicPlanAgentImpl:130 The agent 107759372 has no route in its leg.  Setting agent state to ABORT.
2019-07-06 01:15:03,935 ERROR BasicPlanAgentImpl:130 The agent 1108599541 has no route in its leg.  Setting agent state to ABORT.
2019-07-06 01:15:04,592 ERROR BasicPlanAgentImpl:130 The agent 1110351301 has no route in its leg.  Setting agent state to ABORT.
2019-07-06 01:15:07,555 ERROR BasicPlanAgentImpl:130 The agent 249165365 has no route in its leg.  Setting agent state to ABORT.
2019-07-06 01:15:07,790 ERROR BasicPlanAgentImpl:130 The agent 1034650309 has no route in its leg.  Setting agent state to ABORT.
2019-07-06 01:15:07,795 ERROR BasicPlanAgentImpl:130 The agent 104648197 has no route in its leg.  Setting agent state to ABORT.
2019-07-06 01:15:08,500 ERROR BasicPlanAgentImpl:130 The agent 104078101 has no route in its leg.  Setting agent state to ABORT.
2019-07-06 01:15:08,732 ERROR BasicPlanAgentImpl:130 The agent 1034452661 has no route in its leg.  Setting agent state to ABORT.
2019-07-06 01:15:09,219 ERROR BasicPlanAgentImpl:130 The agent 1010438214 has no route in its leg.  Setting agent state to ABORT.
2019-07-06 01:15:09,675 ERROR BasicPlanAgentImpl:130 The agent 1108207685 has no route in its leg.  Setting agent state to ABORT.
2019-07-06 01:15:09,787 ERROR BasicPlanAgentImpl:130 The agent 180592123 has no route in its leg.  Setting agent state to ABORT.
2019-07-06 01:15:11,234 ERROR BasicPlanAgentImpl:130 The agent 1010467926 has no route in its leg.  Setting agent state to ABORT.
2019-07-06 01:15:12,101 ERROR BasicPlanAgentImpl:130 The agent 1850520806 has no route in its leg.  Setting agent state to ABORT.
2019-07-06 01:15:13,132 ERROR BasicPlanAgentImpl:130 The agent 2147588377 has no route in its leg.  Setting agent state to ABORT.
2019-07-06 01:15:14,108 ERROR BasicPlanAgentImpl:130 The agent 180290091 has no route in its leg.  Setting agent state to ABORT.
2019-07-06 01:15:14,395 ERROR BasicPlanAgentImpl:130 The agent 2261651445 has no route in its leg.  Setting agent state to ABORT.
2019-07-06 01:15:14,417 ERROR BasicPlanAgentImpl:130 The agent 1139446645 has no route in its leg.  Setting agent state to ABORT.
2019-07-06 01:15:14,967 ERROR BasicPlanAgentImpl:130 The agent 1104683541 has no route in its leg.  Setting agent state to ABORT.
2019-07-06 01:15:16,369 ERROR BasicPlanAgentImpl:130 The agent 1108403973 has no route in its leg.  Setting agent state to ABORT.
2019-07-06 01:15:16,492 ERROR BasicPlanAgentImpl:130 The agent 1857175453 has no route in its leg.  Setting agent state to ABORT.
2019-07-06 01:15:17,230 ERROR BasicPlanAgentImpl:130 The agent 1010374422 has no route in its leg.  Setting agent state to ABORT.
2019-07-06 01:15:17,236 ERROR BasicPlanAgentImpl:130 The agent 104532885 has no route in its leg.  Setting agent state to ABORT.
2019-07-06 01:15:17,841 ERROR BasicPlanAgentImpl:130 The agent 1338089587 has no route in its leg.  Setting agent state to ABORT.
2019-07-06 01:15:17,876 ERROR BasicPlanAgentImpl:130 The agent 191719349 has no route in its leg.  Setting agent state to ABORT.
2019-07-06 01:15:18,132 ERROR BasicPlanAgentImpl:130 The agent 1025208886 has no route in its leg.  Setting agent state to ABORT.
2019-07-06 01:15:18,372 ERROR BasicPlanAgentImpl:130 The agent 1306135507 has no route in its leg.  Setting agent state to ABORT.
2019-07-06 01:15:18,821 ERROR BasicPlanAgentImpl:130 The agent 1111005029 has no route in its leg.  Setting agent state to ABORT.
2019-07-06 01:15:19,102 ERROR BasicPlanAgentImpl:130 The agent 2677102480 has no route in its leg.  Setting agent state to ABORT.
2019-07-06 01:15:19,616 ERROR BasicPlanAgentImpl:130 The agent 1879118595 has no route in its leg.  Setting agent state to ABORT.
2019-07-06 01:15:20,204 ERROR BasicPlanAgentImpl:130 The agent 267957172 has no route in its leg.  Setting agent state to ABORT.
2019-07-06 01:15:20,327 ERROR BasicPlanAgentImpl:130 The agent 1109416869 has no route in its leg.  Setting agent state to ABORT.
2019-07-06 01:15:20,501 ERROR BasicPlanAgentImpl:130 The agent 1034698693 has no route in its leg.  Setting agent state to ABORT.
2019-07-06 01:15:20,945 ERROR BasicPlanAgentImpl:130 The agent 191433861 has no route in its leg.  Setting agent state to ABORT.
2019-07-06 01:15:20,987 ERROR BasicPlanAgentImpl:130 The agent 1025320838 has no route in its leg.  Setting agent state to ABORT.
2019-07-06 01:15:21,547 ERROR BasicPlanAgentImpl:130 The agent 2285409461 has no route in its leg.  Setting agent state to ABORT.
2019-07-06 01:15:21,579 ERROR BasicPlanAgentImpl:130 The agent 1199413347 has no route in its leg.  Setting agent state to ABORT.
2019-07-06 01:15:21,857 ERROR BasicPlanAgentImpl:130 The agent 1199073459 has no route in its leg.  Setting agent state to ABORT.
2019-07-06 01:15:22,160 ERROR BasicPlanAgentImpl:130 The agent 1106960181 has no route in its leg.  Setting agent state to ABORT.
2019-07-06 01:15:22,270 ERROR BasicPlanAgentImpl:130 The agent 1108521674 has no route in its leg.  Setting agent state to ABORT.
2019-07-06 01:15:22,480 ERROR BasicPlanAgentImpl:130 The agent 1025273366 has no route in its leg.  Setting agent state to ABORT.
2019-07-06 01:15:22,748 ERROR BasicPlanAgentImpl:130 The agent 1025238054 has no route in its leg.  Setting agent state to ABORT.
2019-07-06 01:15:23,739 ERROR BasicPlanAgentImpl:130 The agent 126848903 has no route in its leg.  Setting agent state to ABORT.
2019-07-06 01:15:23,897 ERROR BasicPlanAgentImpl:130 The agent 1242087749 has no route in its leg.  Setting agent state to ABORT.
2019-07-06 01:15:24,238 ERROR BasicPlanAgentImpl:130 The agent 1097769941 has no route in its leg.  Setting agent state to ABORT.
2019-07-06 01:15:24,494 ERROR BasicPlanAgentImpl:130 The agent 2403112062 has no route in its leg.  Setting agent state to ABORT.
2019-07-06 01:15:24,609 ERROR BasicPlanAgentImpl:130 The agent 2403093182 has no route in its leg.  Setting agent state to ABORT.
2019-07-06 01:15:24,932 ERROR BasicPlanAgentImpl:130 The agent 1023542022 has no route in its leg.  Setting agent state to ABORT.
2019-07-06 01:15:25,740 ERROR BasicPlanAgentImpl:130 The agent 1006837078 has no route in its leg.  Setting agent state to ABORT.
2019-07-06 01:15:26,683 ERROR BasicPlanAgentImpl:130 The agent 1032513285 has no route in its leg.  Setting agent state to ABORT.
2019-07-06 01:15:27,128 ERROR BasicPlanAgentImpl:130 The agent 1111218949 has no route in its leg.  Setting agent state to ABORT.
2019-07-06 01:15:27,468 ERROR BasicPlanAgentImpl:130 The agent 1098291013 has no route in its leg.  Setting agent state to ABORT.
2019-07-06 01:15:27,848 ERROR BasicPlanAgentImpl:130 The agent 163304620 has no route in its leg.  Setting agent state to ABORT.
2019-07-06 01:15:28,203 ERROR BasicPlanAgentImpl:130 The agent 2607658209 has no route in its leg.  Setting agent state to ABORT.
2019-07-06 01:15:28,923 ERROR BasicPlanAgentImpl:130 The agent 1199241667 has no route in its leg.  Setting agent state to ABORT.
2019-07-06 01:15:29,576 ERROR BasicPlanAgentImpl:130 The agent 1341788723 has no route in its leg.  Setting agent state to ABORT.
2019-07-06 01:15:30,557 ERROR BasicPlanAgentImpl:130 The agent 1107524037 has no route in its leg.  Setting agent state to ABORT.
2019-07-06 01:15:32,277 ERROR BasicPlanAgentImpl:130 The agent 1338099043 has no route in its leg.  Setting agent state to ABORT.
2019-07-06 01:15:32,809 ERROR BasicPlanAgentImpl:130 The agent 1849032166 has no route in its leg.  Setting agent state to ABORT.
2019-07-06 01:15:32,885 ERROR BasicPlanAgentImpl:130 The agent 1160276727 has no route in its leg.  Setting agent state to ABORT.
2019-07-06 01:15:33,526 ERROR BasicPlanAgentImpl:130 The agent 1109674517 has no route in its leg.  Setting agent state to ABORT.
2019-07-06 01:15:33,717 ERROR BasicPlanAgentImpl:130 The agent 255467237 has no route in its leg.  Setting agent state to ABORT.
2019-07-06 01:15:34,254 ERROR BasicPlanAgentImpl:130 The agent 2403494254 has no route in its leg.  Setting agent state to ABORT.
2019-07-06 01:15:34,380 ERROR BasicPlanAgentImpl:130 The agent 2677061216 has no route in its leg.  Setting agent state to ABORT.
2019-07-06 01:15:35,452 ERROR BasicPlanAgentImpl:130 The agent 1252207207 has no route in its leg.  Setting agent state to ABORT.
2019-07-06 01:15:35,473 ERROR BasicPlanAgentImpl:130 The agent 182071195 has no route in its leg.  Setting agent state to ABORT.
2019-07-06 01:15:35,804 ERROR BasicPlanAgentImpl:130 The agent 1110728149 has no route in its leg.  Setting agent state to ABORT.
2019-07-06 01:15:36,437 ERROR BasicPlanAgentImpl:130 The agent 1110810373 has no route in its leg.  Setting agent state to ABORT.
2019-07-06 01:15:36,744 ERROR BasicPlanAgentImpl:130 The agent 1104926085 has no route in its leg.  Setting agent state to ABORT.
2019-07-06 01:15:36,922 ERROR BasicPlanAgentImpl:130 The agent 1007136006 has no route in its leg.  Setting agent state to ABORT.
2019-07-06 01:15:37,033 ERROR BasicPlanAgentImpl:130 The agent 1110565605 has no route in its leg.  Setting agent state to ABORT.
2019-07-06 01:15:37,050 ERROR BasicPlanAgentImpl:130 The agent 256744677 has no route in its leg.  Setting agent state to ABORT.
2019-07-06 01:15:37,097 ERROR BasicPlanAgentImpl:130 The agent 1851359734 has no route in its leg.  Setting agent state to ABORT.
2019-07-06 01:15:37,850 ERROR BasicPlanAgentImpl:130 The agent 1885382403 has no route in its leg.  Setting agent state to ABORT.
2019-07-06 01:15:38,674 ERROR BasicPlanAgentImpl:130 The agent 2403400174 has no route in its leg.  Setting agent state to ABORT.
2019-07-06 01:15:39,222 ERROR BasicPlanAgentImpl:130 The agent 249826325 has no route in its leg.  Setting agent state to ABORT.
2019-07-06 01:15:41,475 ERROR BasicPlanAgentImpl:130 The agent 249318421 has no route in its leg.  Setting agent state to ABORT.
2019-07-06 01:15:43,067 ERROR BasicPlanAgentImpl:130 The agent 1034758245 has no route in its leg.  Setting agent state to ABORT.
2019-07-06 01:15:43,277 ERROR BasicPlanAgentImpl:130 The agent 1109802101 has no route in its leg.  Setting agent state to ABORT.
2019-07-06 01:15:43,434 ERROR BasicPlanAgentImpl:130 The agent 1028901861 has no route in its leg.  Setting agent state to ABORT.
2019-07-06 01:15:44,094 ERROR BasicPlanAgentImpl:130 The agent 1850560630 has no route in its leg.  Setting agent state to ABORT.
2019-07-06 01:15:44,309 ERROR BasicPlanAgentImpl:130 The agent 208137125 has no route in its leg.  Setting agent state to ABORT.
2019-07-06 01:15:44,448 ERROR BasicPlanAgentImpl:130 The agent 1199428819 has no route in its leg.  Setting agent state to ABORT.
2019-07-06 01:15:44,729 ERROR BasicPlanAgentImpl:130 The agent 1110913221 has no route in its leg.  Setting agent state to ABORT.
2019-07-06 01:15:44,979 ERROR BasicPlanAgentImpl:130 The agent 1104886389 has no route in its leg.  Setting agent state to ABORT.
2019-07-06 01:15:47,751 ERROR BasicPlanAgentImpl:130 The agent 1108574677 has no route in its leg.  Setting agent state to ABORT.
2019-07-06 01:15:47,845 ERROR BasicPlanAgentImpl:130 The agent 1109733685 has no route in its leg.  Setting agent state to ABORT.
2019-07-06 01:15:48,095 ERROR BasicPlanAgentImpl:130 The agent 1983446638 has no route in its leg.  Setting agent state to ABORT.
2019-07-06 01:15:48,115 ERROR BasicPlanAgentImpl:130 The agent 1108558709 has no route in its leg.  Setting agent state to ABORT.
2019-07-06 01:15:48,499 ERROR BasicPlanAgentImpl:130 The agent 1110009189 has no route in its leg.  Setting agent state to ABORT.
2019-07-06 01:15:48,954 ERROR BasicPlanAgentImpl:130 The agent 1098171109 has no route in its leg.  Setting agent state to ABORT.
2019-07-06 01:15:48,970 ERROR BasicPlanAgentImpl:130 The agent 1179399319 has no route in its leg.  Setting agent state to ABORT.
2019-07-06 01:15:49,063 ERROR BasicPlanAgentImpl:130 The agent 1110859173 has no route in its leg.  Setting agent state to ABORT.
2019-07-06 01:15:49,257 ERROR BasicPlanAgentImpl:130 The agent 1108531242 has no route in its leg.  Setting agent state to ABORT.
2019-07-06 01:15:49,794 ERROR BasicPlanAgentImpl:130 The agent 1983476126 has no route in its leg.  Setting agent state to ABORT.
2019-07-06 01:15:49,864 ERROR BasicPlanAgentImpl:130 The agent 1108654810 has no route in its leg.  Setting agent state to ABORT.
2019-07-06 01:15:49,984 ERROR BasicPlanAgentImpl:130 The agent 255854741 has no route in its leg.  Setting agent state to ABORT.
2019-07-06 01:15:50,070 ERROR BasicPlanAgentImpl:130 The agent 2608161985 has no route in its leg.  Setting agent state to ABORT.
2019-07-06 01:15:50,331 ERROR BasicPlanAgentImpl:130 The agent 1177125271 has no route in its leg.  Setting agent state to ABORT.
2019-07-06 01:15:50,483 ERROR BasicPlanAgentImpl:130 The agent 1109658197 has no route in its leg.  Setting agent state to ABORT.
2019-07-06 01:15:50,564 ERROR BasicPlanAgentImpl:130 The agent 1226327349 has no route in its leg.  Setting agent state to ABORT.
2019-07-06 01:15:50,835 ERROR BasicPlanAgentImpl:130 The agent 1139216661 has no route in its leg.  Setting agent state to ABORT.
2019-07-06 01:15:50,886 ERROR BasicPlanAgentImpl:130 The agent 1879140419 has no route in its leg.  Setting agent state to ABORT.
2019-07-06 01:15:51,471 ERROR BasicPlanAgentImpl:130 The agent 1177021687 has no route in its leg.  Setting agent state to ABORT.
2019-07-06 01:15:51,754 ERROR BasicPlanAgentImpl:130 The agent 255987909 has no route in its leg.  Setting agent state to ABORT.
2019-07-06 01:15:51,987 ERROR BasicPlanAgentImpl:130 The agent 1161137015 has no route in its leg.  Setting agent state to ABORT.
2019-07-06 01:15:52,099 ERROR BasicPlanAgentImpl:130 The agent 1097606421 has no route in its leg.  Setting agent state to ABORT.
2019-07-06 01:15:52,153 ERROR BasicPlanAgentImpl:130 The agent 208200597 has no route in its leg.  Setting agent state to ABORT.
2019-07-06 01:15:52,552 ERROR BasicPlanAgentImpl:130 The agent 207352357 has no route in its leg.  Setting agent state to ABORT.
2019-07-06 01:15:52,857 ERROR BasicPlanAgentImpl:130 The agent 1199524579 has no route in its leg.  Setting agent state to ABORT.
2019-07-06 01:15:53,304 ERROR BasicPlanAgentImpl:130 The agent 2677034848 has no route in its leg.  Setting agent state to ABORT.
2019-07-06 01:15:53,305 ERROR BasicPlanAgentImpl:130 The agent 2403336206 has no route in its leg.  Setting agent state to ABORT.
2019-07-06 01:15:53,473 ERROR BasicPlanAgentImpl:130 The agent 2612776154 has no route in its leg.  Setting agent state to ABORT.
2019-07-06 01:15:53,846 ERROR BasicPlanAgentImpl:130 The agent 1983598350 has no route in its leg.  Setting agent state to ABORT.
2019-07-06 01:15:54,242 ERROR BasicPlanAgentImpl:130 The agent 1108797733 has no route in its leg.  Setting agent state to ABORT.
2019-07-06 01:15:54,634 ERROR BasicPlanAgentImpl:130 The agent 1109830581 has no route in its leg.  Setting agent state to ABORT.
2019-07-06 01:15:54,984 ERROR BasicPlanAgentImpl:130 The agent 1336624515 has no route in its leg.  Setting agent state to ABORT.
2019-07-06 01:15:55,249 ERROR BasicPlanAgentImpl:130 The agent 1013465110 has no route in its leg.  Setting agent state to ABORT.
2019-07-06 01:15:55,606 ERROR BasicPlanAgentImpl:130 The agent 1013441526 has no route in its leg.  Setting agent state to ABORT.
2019-07-06 01:15:56,155 ERROR BasicPlanAgentImpl:130 The agent 1025314710 has no route in its leg.  Setting agent state to ABORT.
2019-07-06 01:15:56,362 ERROR BasicPlanAgentImpl:130 The agent 108705516 has no route in its leg.  Setting agent state to ABORT.
2019-07-06 01:15:56,470 ERROR BasicPlanAgentImpl:130 The agent 1104434293 has no route in its leg.  Setting agent state to ABORT.
2019-07-06 01:15:56,674 ERROR BasicPlanAgentImpl:130 The agent 248511301 has no route in its leg.  Setting agent state to ABORT.
2019-07-06 01:15:56,742 ERROR BasicPlanAgentImpl:130 The agent 107755772 has no route in its leg.  Setting agent state to ABORT.
2019-07-06 01:15:56,743 ERROR BasicPlanAgentImpl:130 The agent 180243179 has no route in its leg.  Setting agent state to ABORT.
2019-07-06 01:15:56,773 ERROR BasicPlanAgentImpl:130 The agent 191051125 has no route in its leg.  Setting agent state to ABORT.
2019-07-06 01:15:56,773 ERROR BasicPlanAgentImpl:130 The agent 1108695749 has no route in its leg.  Setting agent state to ABORT.
2019-07-06 01:15:56,832 ERROR BasicPlanAgentImpl:130 The agent 1242032005 has no route in its leg.  Setting agent state to ABORT.
2019-07-06 01:15:56,882 ERROR BasicPlanAgentImpl:130 The agent 1205681127 has no route in its leg.  Setting agent state to ABORT.
2019-07-06 01:15:57,233 ERROR BasicPlanAgentImpl:130 The agent 1882771955 has no route in its leg.  Setting agent state to ABORT.
2019-07-06 01:15:57,305 ERROR BasicPlanAgentImpl:130 The agent 1238231301 has no route in its leg.  Setting agent state to ABORT.
2019-07-06 01:15:57,317 ERROR BasicPlanAgentImpl:130 The agent 256015029 has no route in its leg.  Setting agent state to ABORT.
2019-07-06 01:15:57,610 ERROR BasicPlanAgentImpl:130 The agent 1025173062 has no route in its leg.  Setting agent state to ABORT.
2019-07-06 01:15:57,848 ERROR BasicPlanAgentImpl:130 The agent 1107272869 has no route in its leg.  Setting agent state to ABORT.
2019-07-06 01:15:59,650 ERROR BasicPlanAgentImpl:130 The agent 104463909 has no route in its leg.  Setting agent state to ABORT.
2019-07-06 01:16:05,700 ERROR MatsimRuntimeModifications:54 Getting uncaught Exception in Thread main
java.lang.NullPointerException
	at org.matsim.contrib.minibus.stats.ActivityLocationsParatransitUser.parsePopulation(ActivityLocationsParatransitUser.java:135)
	at org.matsim.contrib.minibus.stats.ActivityLocationsParatransitUser.notifyIterationEnds(ActivityLocationsParatransitUser.java:83)
	at org.matsim.core.controler.ControlerListenerManagerImpl.fireControlerIterationEndsEvent(ControlerListenerManagerImpl.java:168)
	at org.matsim.core.controler.AbstractController$5.run(AbstractController.java:158)
	at org.matsim.core.controler.AbstractController.iterationStep(AbstractController.java:229)
	at org.matsim.core.controler.AbstractController.iteration(AbstractController.java:154)
	at org.matsim.core.controler.AbstractController.doIterations(AbstractController.java:112)
	at org.matsim.core.controler.AbstractController.access$100(AbstractController.java:28)
	at org.matsim.core.controler.AbstractController$1.run(AbstractController.java:80)
	at org.matsim.core.controler.MatsimRuntimeModifications.run(MatsimRuntimeModifications.java:48)
	at org.matsim.core.controler.MatsimRuntimeModifications.run(MatsimRuntimeModifications.java:31)
	at org.matsim.core.controler.AbstractController.run(AbstractController.java:88)
	at org.matsim.core.controler.NewControler.run(NewControler.java:84)
	at org.matsim.core.controler.Controler.run(Controler.java:240)
	at org.matsim.project.RunMinibus.run(RunMinibus.java:67)
	at org.matsim.project.RunMinibus.main(RunMinibus.java:85)
2019-07-06 01:16:05,702 ERROR MatsimRuntimeModifications:60 ERROR --- This is an unexpected shutdown!
2019-07-06 01:16:05,702 ERROR MatsimRuntimeModifications:63 Shutdown possibly caused by the following Exception:
java.lang.NullPointerException
	at org.matsim.contrib.minibus.stats.ActivityLocationsParatransitUser.parsePopulation(ActivityLocationsParatransitUser.java:135)
	at org.matsim.contrib.minibus.stats.ActivityLocationsParatransitUser.notifyIterationEnds(ActivityLocationsParatransitUser.java:83)
	at org.matsim.core.controler.ControlerListenerManagerImpl.fireControlerIterationEndsEvent(ControlerListenerManagerImpl.java:168)
	at org.matsim.core.controler.AbstractController$5.run(AbstractController.java:158)
	at org.matsim.core.controler.AbstractController.iterationStep(AbstractController.java:229)
	at org.matsim.core.controler.AbstractController.iteration(AbstractController.java:154)
	at org.matsim.core.controler.AbstractController.doIterations(AbstractController.java:112)
	at org.matsim.core.controler.AbstractController.access$100(AbstractController.java:28)
	at org.matsim.core.controler.AbstractController$1.run(AbstractController.java:80)
	at org.matsim.core.controler.MatsimRuntimeModifications.run(MatsimRuntimeModifications.java:48)
	at org.matsim.core.controler.MatsimRuntimeModifications.run(MatsimRuntimeModifications.java:31)
	at org.matsim.core.controler.AbstractController.run(AbstractController.java:88)
	at org.matsim.core.controler.NewControler.run(NewControler.java:84)
	at org.matsim.core.controler.Controler.run(Controler.java:240)
	at org.matsim.project.RunMinibus.run(RunMinibus.java:67)
	at org.matsim.project.RunMinibus.main(RunMinibus.java:85)
2019-07-06 01:16:06,710 ERROR MatsimRuntimeModifications:78 ERROR --- MATSim unexpectedly terminated. Please check the output or the logfile with warnings and errors for hints.
2019-07-06 01:16:06,710 ERROR MatsimRuntimeModifications:79 ERROR --- results should not be used for further analysis.
2019-07-06 01:16:06,710 ERROR MatsimRuntimeModifications:83 ERROR --- This was an unexpected shutdown! See the log file for a possible reason.
