2019-07-06 01:28:12,686  WARN CreatePStops:136 file  not found. Falling back to min/max serviceArea parameters.
2019-07-06 01:29:02,733 ERROR BasicPlanAgentImpl:159 last activity of person driver agent id 1982834494 has end time < infty; setting it to infty
2019-07-06 01:29:02,734 ERROR BasicPlanAgentImpl:160  This message given only once.
2019-07-06 01:29:03,702 ERROR BasicPlanAgentImpl:130 The agent 1199223383 has no route in its leg.  Setting agent state to ABORT.
2019-07-06 01:29:03,756 ERROR BasicPlanAgentImpl:130 The agent 2370768405 has no route in its leg.  Setting agent state to ABORT.
2019-07-06 01:29:03,758 ERROR BasicPlanAgentImpl:130 The agent 1880045971 has no route in its leg.  Setting agent state to ABORT.
2019-07-06 01:29:04,427 ERROR BasicPlanAgentImpl:130 The agent 180397003 has no route in its leg.  Setting agent state to ABORT.
2019-07-06 01:29:04,495 ERROR BasicPlanAgentImpl:130 The agent 1886387347 has no route in its leg.  Setting agent state to ABORT.
2019-07-06 01:29:04,821 ERROR BasicPlanAgentImpl:130 The agent 1119429479 has no route in its leg.  Setting agent state to ABORT.
2019-07-06 01:29:05,105 ERROR BasicPlanAgentImpl:130 The agent 249461397 has no route in its leg.  Setting agent state to ABORT.
2019-07-06 01:29:05,200 ERROR BasicPlanAgentImpl:130 The agent 1199360611 has no route in its leg.  Setting agent state to ABORT.
2019-07-06 01:29:06,179 ERROR BasicPlanAgentImpl:130 The agent 1010532710 has no route in its leg.  Setting agent state to ABORT.
2019-07-06 01:29:06,181 ERROR BasicPlanAgentImpl:130 The agent 1108694837 has no route in its leg.  Setting agent state to ABORT.
2019-07-06 01:29:06,233 ERROR BasicPlanAgentImpl:130 The agent 256489621 has no route in its leg.  Setting agent state to ABORT.
2019-07-06 01:29:06,394 ERROR BasicPlanAgentImpl:130 The agent 1013451958 has no route in its leg.  Setting agent state to ABORT.
2019-07-06 01:29:06,445 ERROR BasicPlanAgentImpl:130 The agent 1342278915 has no route in its leg.  Setting agent state to ABORT.
2019-07-06 01:29:06,446 ERROR BasicPlanAgentImpl:130 The agent 1010442502 has no route in its leg.  Setting agent state to ABORT.
2019-07-06 01:29:07,027 ERROR BasicPlanAgentImpl:130 The agent 1109904437 has no route in its leg.  Setting agent state to ABORT.
2019-07-06 01:29:12,010 ERROR BasicPlanAgentImpl:130 The agent 1010553286 has no route in its leg.  Setting agent state to ABORT.
2019-07-06 01:29:12,298 ERROR BasicPlanAgentImpl:130 The agent 1150751934 has no route in its leg.  Setting agent state to ABORT.
2019-07-06 01:29:12,489 ERROR BasicPlanAgentImpl:130 The agent 104753141 has no route in its leg.  Setting agent state to ABORT.
2019-07-06 01:29:13,922 ERROR BasicPlanAgentImpl:130 The agent 180357115 has no route in its leg.  Setting agent state to ABORT.
2019-07-06 01:29:14,175 ERROR BasicPlanAgentImpl:130 The agent 1104516277 has no route in its leg.  Setting agent state to ABORT.
2019-07-06 01:29:14,671 ERROR BasicPlanAgentImpl:130 The agent 1106643541 has no route in its leg.  Setting agent state to ABORT.
2019-07-06 01:29:14,909 ERROR BasicPlanAgentImpl:130 The agent 1107043749 has no route in its leg.  Setting agent state to ABORT.
2019-07-06 01:29:15,118 ERROR BasicPlanAgentImpl:130 The agent 1107581045 has no route in its leg.  Setting agent state to ABORT.
2019-07-06 01:29:15,261 ERROR BasicPlanAgentImpl:130 The agent 2179027824 has no route in its leg.  Setting agent state to ABORT.
2019-07-06 01:29:16,133 ERROR BasicPlanAgentImpl:130 The agent 1109575573 has no route in its leg.  Setting agent state to ABORT.
2019-07-06 01:29:16,470 ERROR BasicPlanAgentImpl:130 The agent 2403124158 has no route in its leg.  Setting agent state to ABORT.
2019-07-06 01:29:16,810 ERROR BasicPlanAgentImpl:130 The agent 1107254661 has no route in its leg.  Setting agent state to ABORT.
2019-07-06 01:29:19,012 ERROR BasicPlanAgentImpl:130 The agent 181638843 has no route in its leg.  Setting agent state to ABORT.
2019-07-06 01:29:19,017 ERROR BasicPlanAgentImpl:130 The agent 1882267011 has no route in its leg.  Setting agent state to ABORT.
2019-07-06 01:29:19,403 ERROR BasicPlanAgentImpl:130 The agent 2608107585 has no route in its leg.  Setting agent state to ABORT.
2019-07-06 01:29:19,912 ERROR BasicPlanAgentImpl:130 The agent 180498155 has no route in its leg.  Setting agent state to ABORT.
2019-07-06 01:29:20,351 ERROR BasicPlanAgentImpl:130 The agent 181908299 has no route in its leg.  Setting agent state to ABORT.
2019-07-06 01:29:20,543 ERROR BasicPlanAgentImpl:130 The agent 1023626054 has no route in its leg.  Setting agent state to ABORT.
2019-07-06 01:29:21,730 ERROR BasicPlanAgentImpl:130 The agent 1983634430 has no route in its leg.  Setting agent state to ABORT.
2019-07-06 01:29:21,758 ERROR BasicPlanAgentImpl:130 The agent 191113621 has no route in its leg.  Setting agent state to ABORT.
2019-07-06 01:29:26,534 ERROR BasicPlanAgentImpl:130 The agent 1195050855 has no route in its leg.  Setting agent state to ABORT.
2019-07-06 01:29:29,801 ERROR BasicPlanAgentImpl:130 The agent 250174325 has no route in its leg.  Setting agent state to ABORT.
2019-07-06 01:29:30,629 ERROR BasicPlanAgentImpl:130 The agent 2607668065 has no route in its leg.  Setting agent state to ABORT.
2019-07-06 01:29:30,888 ERROR BasicPlanAgentImpl:130 The agent 1104609253 has no route in its leg.  Setting agent state to ABORT.
2019-07-06 01:29:32,037 ERROR BasicPlanAgentImpl:130 The agent 219892116 has no route in its leg.  Setting agent state to ABORT.
2019-07-06 01:29:32,296 ERROR BasicPlanAgentImpl:130 The agent 1007144166 has no route in its leg.  Setting agent state to ABORT.
2019-07-06 01:29:33,550 ERROR BasicPlanAgentImpl:130 The agent 2607699473 has no route in its leg.  Setting agent state to ABORT.
2019-07-06 01:29:34,276 ERROR BasicPlanAgentImpl:130 The agent 1097769589 has no route in its leg.  Setting agent state to ABORT.
2019-07-06 01:29:35,696 ERROR BasicPlanAgentImpl:130 The agent 1199068643 has no route in its leg.  Setting agent state to ABORT.
2019-07-06 01:29:37,127 ERROR BasicPlanAgentImpl:130 The agent 208424485 has no route in its leg.  Setting agent state to ABORT.
2019-07-06 01:29:37,853 ERROR BasicPlanAgentImpl:130 The agent 1097740725 has no route in its leg.  Setting agent state to ABORT.
2019-07-06 01:29:39,563 ERROR BasicPlanAgentImpl:130 The agent 1199328819 has no route in its leg.  Setting agent state to ABORT.
2019-07-06 01:29:39,745 ERROR BasicPlanAgentImpl:130 The agent 206979290 has no route in its leg.  Setting agent state to ABORT.
2019-07-06 01:29:40,027 ERROR BasicPlanAgentImpl:130 The agent 2179237408 has no route in its leg.  Setting agent state to ABORT.
2019-07-06 01:29:40,629 ERROR BasicPlanAgentImpl:130 The agent 104784197 has no route in its leg.  Setting agent state to ABORT.
2019-07-06 01:29:40,866 ERROR BasicPlanAgentImpl:130 The agent 267985540 has no route in its leg.  Setting agent state to ABORT.
2019-07-06 01:29:41,326 ERROR BasicPlanAgentImpl:130 The agent 2402986446 has no route in its leg.  Setting agent state to ABORT.
2019-07-06 01:29:41,916 ERROR BasicPlanAgentImpl:130 The agent 1108090421 has no route in its leg.  Setting agent state to ABORT.
2019-07-06 01:29:43,008 ERROR BasicPlanAgentImpl:130 The agent 208417093 has no route in its leg.  Setting agent state to ABORT.
2019-07-06 01:29:43,020 ERROR BasicPlanAgentImpl:130 The agent 1004198790 has no route in its leg.  Setting agent state to ABORT.
2019-07-06 01:29:43,489 ERROR BasicPlanAgentImpl:130 The agent 1851340662 has no route in its leg.  Setting agent state to ABORT.
2019-07-06 01:29:44,285 ERROR BasicPlanAgentImpl:130 The agent 1025169718 has no route in its leg.  Setting agent state to ABORT.
2019-07-06 01:29:45,011 ERROR BasicPlanAgentImpl:130 The agent 1107389333 has no route in its leg.  Setting agent state to ABORT.
2019-07-06 01:29:45,440 ERROR BasicPlanAgentImpl:130 The agent 1869125 has no route in its leg.  Setting agent state to ABORT.
2019-07-06 01:29:45,677 ERROR BasicPlanAgentImpl:130 The agent 1161170343 has no route in its leg.  Setting agent state to ABORT.
2019-07-06 01:29:45,727 ERROR BasicPlanAgentImpl:130 The agent 1104728437 has no route in its leg.  Setting agent state to ABORT.
2019-07-06 01:29:45,864 ERROR BasicPlanAgentImpl:130 The agent 191615733 has no route in its leg.  Setting agent state to ABORT.
2019-07-06 01:29:46,045 ERROR BasicPlanAgentImpl:130 The agent 1034467205 has no route in its leg.  Setting agent state to ABORT.
2019-07-06 01:29:46,267 ERROR BasicPlanAgentImpl:130 The agent 1983459278 has no route in its leg.  Setting agent state to ABORT.
2019-07-06 01:29:47,698 ERROR BasicPlanAgentImpl:130 The agent 1105107189 has no route in its leg.  Setting agent state to ABORT.
2019-07-06 01:29:48,095 ERROR BasicPlanAgentImpl:130 The agent 1109386981 has no route in its leg.  Setting agent state to ABORT.
2019-07-06 01:29:48,819 ERROR BasicPlanAgentImpl:130 The agent 1885439251 has no route in its leg.  Setting agent state to ABORT.
2019-07-06 01:29:49,097 ERROR BasicPlanAgentImpl:130 The agent 2543577655 has no route in its leg.  Setting agent state to ABORT.
2019-07-06 01:29:49,759 ERROR BasicPlanAgentImpl:130 The agent 126890295 has no route in its leg.  Setting agent state to ABORT.
2019-07-06 01:29:49,764 ERROR BasicPlanAgentImpl:130 The agent 2161037742 has no route in its leg.  Setting agent state to ABORT.
2019-07-06 01:29:50,670 ERROR BasicPlanAgentImpl:130 The agent 1109695493 has no route in its leg.  Setting agent state to ABORT.
2019-07-06 01:29:50,847 ERROR BasicPlanAgentImpl:130 The agent 1851378006 has no route in its leg.  Setting agent state to ABORT.
2019-07-06 01:29:51,133 ERROR BasicPlanAgentImpl:130 The agent 1033425077 has no route in its leg.  Setting agent state to ABORT.
2019-07-06 01:29:51,185 ERROR BasicPlanAgentImpl:130 The agent 1108027925 has no route in its leg.  Setting agent state to ABORT.
2019-07-06 01:29:51,968 ERROR BasicPlanAgentImpl:130 The agent 256747413 has no route in its leg.  Setting agent state to ABORT.
2019-07-06 01:29:52,553 ERROR BasicPlanAgentImpl:130 The agent 191154517 has no route in its leg.  Setting agent state to ABORT.
2019-07-06 01:29:53,198 ERROR BasicPlanAgentImpl:130 The agent 127383687 has no route in its leg.  Setting agent state to ABORT.
2019-07-06 01:29:53,218 ERROR BasicPlanAgentImpl:130 The agent 1993157 has no route in its leg.  Setting agent state to ABORT.
2019-07-06 01:29:53,686 ERROR BasicPlanAgentImpl:130 The agent 1208422388 has no route in its leg.  Setting agent state to ABORT.
2019-07-06 01:29:54,015 ERROR BasicPlanAgentImpl:130 The agent 2607842545 has no route in its leg.  Setting agent state to ABORT.
2019-07-06 01:29:54,419 ERROR BasicPlanAgentImpl:130 The agent 1098232389 has no route in its leg.  Setting agent state to ABORT.
2019-07-06 01:29:54,476 ERROR BasicPlanAgentImpl:130 The agent 127050567 has no route in its leg.  Setting agent state to ABORT.
2019-07-06 01:29:54,511 ERROR BasicPlanAgentImpl:130 The agent 1110663221 has no route in its leg.  Setting agent state to ABORT.
2019-07-06 01:29:54,623 ERROR BasicPlanAgentImpl:130 The agent 256109125 has no route in its leg.  Setting agent state to ABORT.
2019-07-06 01:29:54,749 ERROR BasicPlanAgentImpl:130 The agent 1033738693 has no route in its leg.  Setting agent state to ABORT.
2019-07-06 01:29:55,612 ERROR BasicPlanAgentImpl:130 The agent 1022210582 has no route in its leg.  Setting agent state to ABORT.
2019-07-06 01:29:55,614 ERROR BasicPlanAgentImpl:130 The agent 104562869 has no route in its leg.  Setting agent state to ABORT.
2019-07-06 01:29:55,990 ERROR BasicPlanAgentImpl:130 The agent 2585306477 has no route in its leg.  Setting agent state to ABORT.
2019-07-06 01:29:57,461 ERROR BasicPlanAgentImpl:130 The agent 1201324035 has no route in its leg.  Setting agent state to ABORT.
2019-07-06 01:29:58,024 ERROR BasicPlanAgentImpl:130 The agent 2370183397 has no route in its leg.  Setting agent state to ABORT.
2019-07-06 01:29:58,105 ERROR BasicPlanAgentImpl:130 The agent 1110894981 has no route in its leg.  Setting agent state to ABORT.
2019-07-06 01:29:58,231 ERROR BasicPlanAgentImpl:130 The agent 1013626918 has no route in its leg.  Setting agent state to ABORT.
2019-07-06 01:29:58,342 ERROR BasicPlanAgentImpl:130 The agent 1109016501 has no route in its leg.  Setting agent state to ABORT.
2019-07-06 01:29:59,669 ERROR BasicPlanAgentImpl:130 The agent 248511045 has no route in its leg.  Setting agent state to ABORT.
2019-07-06 01:29:59,784 ERROR BasicPlanAgentImpl:130 The agent 1109117893 has no route in its leg.  Setting agent state to ABORT.
2019-07-06 01:29:59,935 ERROR BasicPlanAgentImpl:130 The agent 2403355374 has no route in its leg.  Setting agent state to ABORT.
2019-07-06 01:29:59,946 ERROR BasicPlanAgentImpl:130 The agent 1007135958 has no route in its leg.  Setting agent state to ABORT.
2019-07-06 01:30:00,673 ERROR BasicPlanAgentImpl:130 The agent 267897332 has no route in its leg.  Setting agent state to ABORT.
2019-07-06 01:30:01,066 ERROR BasicPlanAgentImpl:130 The agent 2403775166 has no route in its leg.  Setting agent state to ABORT.
2019-07-06 01:30:01,220 ERROR BasicPlanAgentImpl:130 The agent 1150710910 has no route in its leg.  Setting agent state to ABORT.
2019-07-06 01:30:01,260 ERROR BasicPlanAgentImpl:130 The agent 2664437946 has no route in its leg.  Setting agent state to ABORT.
2019-07-06 01:30:01,317 ERROR BasicPlanAgentImpl:130 The agent 191157653 has no route in its leg.  Setting agent state to ABORT.
2019-07-06 01:30:01,478 ERROR BasicPlanAgentImpl:130 The agent 1028531621 has no route in its leg.  Setting agent state to ABORT.
2019-07-06 01:30:01,597 ERROR BasicPlanAgentImpl:130 The agent 1107915493 has no route in its leg.  Setting agent state to ABORT.
2019-07-06 01:30:01,638 ERROR BasicPlanAgentImpl:130 The agent 1098183173 has no route in its leg.  Setting agent state to ABORT.
2019-07-06 01:30:01,690 ERROR BasicPlanAgentImpl:130 The agent 2677249488 has no route in its leg.  Setting agent state to ABORT.
2019-07-06 01:30:02,184 ERROR BasicPlanAgentImpl:130 The agent 2586030813 has no route in its leg.  Setting agent state to ABORT.
2019-07-06 01:30:02,477 ERROR BasicPlanAgentImpl:130 The agent 1879871859 has no route in its leg.  Setting agent state to ABORT.
2019-07-06 01:30:02,479 ERROR BasicPlanAgentImpl:130 The agent 1983659838 has no route in its leg.  Setting agent state to ABORT.
2019-07-06 01:30:02,481 ERROR BasicPlanAgentImpl:130 The agent 104260597 has no route in its leg.  Setting agent state to ABORT.
2019-07-06 01:30:02,709 ERROR BasicPlanAgentImpl:130 The agent 104852805 has no route in its leg.  Setting agent state to ABORT.
2019-07-06 01:30:03,358 ERROR BasicPlanAgentImpl:130 The agent 1983575294 has no route in its leg.  Setting agent state to ABORT.
2019-07-06 01:30:03,535 ERROR BasicPlanAgentImpl:130 The agent 176708639 has no route in its leg.  Setting agent state to ABORT.
2019-07-06 01:30:03,649 ERROR BasicPlanAgentImpl:130 The agent 1109265109 has no route in its leg.  Setting agent state to ABORT.
2019-07-06 01:30:04,006 ERROR BasicPlanAgentImpl:130 The agent 104209429 has no route in its leg.  Setting agent state to ABORT.
2019-07-06 01:30:04,007 ERROR BasicPlanAgentImpl:130 The agent 1098213989 has no route in its leg.  Setting agent state to ABORT.
2019-07-06 01:30:04,020 ERROR BasicPlanAgentImpl:130 The agent 1034336501 has no route in its leg.  Setting agent state to ABORT.
2019-07-06 01:30:04,334 ERROR BasicPlanAgentImpl:130 The agent 2585437181 has no route in its leg.  Setting agent state to ABORT.
2019-07-06 01:30:04,335 ERROR BasicPlanAgentImpl:130 The agent 1104993605 has no route in its leg.  Setting agent state to ABORT.
2019-07-06 01:30:04,481 ERROR BasicPlanAgentImpl:130 The agent 248703477 has no route in its leg.  Setting agent state to ABORT.
2019-07-06 01:30:04,594 ERROR BasicPlanAgentImpl:130 The agent 2543654807 has no route in its leg.  Setting agent state to ABORT.
2019-07-06 01:30:04,605 ERROR BasicPlanAgentImpl:130 The agent 256624181 has no route in its leg.  Setting agent state to ABORT.
2019-07-06 01:30:04,741 ERROR BasicPlanAgentImpl:130 The agent 254876197 has no route in its leg.  Setting agent state to ABORT.
2019-07-06 01:30:05,101 ERROR BasicPlanAgentImpl:130 The agent 1097818501 has no route in its leg.  Setting agent state to ABORT.
2019-07-06 01:30:05,549 ERROR BasicPlanAgentImpl:130 The agent 191483461 has no route in its leg.  Setting agent state to ABORT.
2019-07-06 01:30:05,733 ERROR BasicPlanAgentImpl:130 The agent 104253877 has no route in its leg.  Setting agent state to ABORT.
2019-07-06 01:30:05,821 ERROR BasicPlanAgentImpl:130 The agent 191607589 has no route in its leg.  Setting agent state to ABORT.
2019-07-06 01:30:06,005 ERROR BasicPlanAgentImpl:130 The agent 1110779941 has no route in its leg.  Setting agent state to ABORT.
2019-07-06 01:30:06,303 ERROR BasicPlanAgentImpl:130 The agent 104191029 has no route in its leg.  Setting agent state to ABORT.
2019-07-06 01:30:06,380 ERROR BasicPlanAgentImpl:130 The agent 1013489686 has no route in its leg.  Setting agent state to ABORT.
2019-07-06 01:30:06,447 ERROR BasicPlanAgentImpl:130 The agent 1109114037 has no route in its leg.  Setting agent state to ABORT.
2019-07-06 01:30:06,524 ERROR BasicPlanAgentImpl:130 The agent 181583787 has no route in its leg.  Setting agent state to ABORT.
2019-07-06 01:30:06,734 ERROR BasicPlanAgentImpl:130 The agent 1199494483 has no route in its leg.  Setting agent state to ABORT.
2019-07-06 01:30:06,749 ERROR BasicPlanAgentImpl:130 The agent 2607605281 has no route in its leg.  Setting agent state to ABORT.
2019-07-06 01:30:07,063 ERROR BasicPlanAgentImpl:130 The agent 2677199248 has no route in its leg.  Setting agent state to ABORT.
2019-07-06 01:30:07,130 ERROR BasicPlanAgentImpl:130 The agent 1022173766 has no route in its leg.  Setting agent state to ABORT.
2019-07-06 01:30:07,334 ERROR BasicPlanAgentImpl:130 The agent 248839493 has no route in its leg.  Setting agent state to ABORT.
2019-07-06 01:30:07,848 ERROR BasicPlanAgentImpl:130 The agent 1034362213 has no route in its leg.  Setting agent state to ABORT.
2019-07-06 01:30:07,861 ERROR BasicPlanAgentImpl:130 The agent 191570213 has no route in its leg.  Setting agent state to ABORT.
2019-07-06 01:30:08,339 ERROR BasicPlanAgentImpl:130 The agent 254612837 has no route in its leg.  Setting agent state to ABORT.
2019-07-06 01:30:08,446 ERROR BasicPlanAgentImpl:130 The agent 2403029486 has no route in its leg.  Setting agent state to ABORT.
2019-07-06 01:30:08,521 ERROR BasicPlanAgentImpl:130 The agent 1852744147 has no route in its leg.  Setting agent state to ABORT.
2019-07-06 01:30:08,529 ERROR BasicPlanAgentImpl:130 The agent 2586125821 has no route in its leg.  Setting agent state to ABORT.
2019-07-06 01:30:08,804 ERROR BasicPlanAgentImpl:130 The agent 1983554366 has no route in its leg.  Setting agent state to ABORT.
2019-07-06 01:30:09,032 ERROR BasicPlanAgentImpl:130 The agent 2583848061 has no route in its leg.  Setting agent state to ABORT.
2019-07-06 01:30:09,115 ERROR BasicPlanAgentImpl:130 The agent 249238469 has no route in its leg.  Setting agent state to ABORT.
2019-07-06 01:30:09,308 ERROR BasicPlanAgentImpl:130 The agent 1022145750 has no route in its leg.  Setting agent state to ABORT.
2019-07-06 01:30:09,342 ERROR BasicPlanAgentImpl:130 The agent 1025288870 has no route in its leg.  Setting agent state to ABORT.
2019-07-06 01:30:09,761 ERROR BasicPlanAgentImpl:130 The agent 2403333838 has no route in its leg.  Setting agent state to ABORT.
2019-07-06 01:30:10,470 ERROR BasicPlanAgentImpl:130 The agent 1306011235 has no route in its leg.  Setting agent state to ABORT.
2019-07-06 01:30:10,484 ERROR BasicPlanAgentImpl:130 The agent 1138854453 has no route in its leg.  Setting agent state to ABORT.
2019-07-06 01:30:10,751 ERROR BasicPlanAgentImpl:130 The agent 208171952 has no route in its leg.  Setting agent state to ABORT.
2019-07-06 01:30:10,975 ERROR BasicPlanAgentImpl:130 The agent 256163381 has no route in its leg.  Setting agent state to ABORT.
2019-07-06 01:30:11,117 ERROR BasicPlanAgentImpl:130 The agent 1098062645 has no route in its leg.  Setting agent state to ABORT.
2019-07-06 01:30:11,194 ERROR BasicPlanAgentImpl:130 The agent 1007128518 has no route in its leg.  Setting agent state to ABORT.
2019-07-06 01:30:11,277 ERROR BasicPlanAgentImpl:130 The agent 1108259397 has no route in its leg.  Setting agent state to ABORT.
2019-07-06 01:30:11,281 ERROR BasicPlanAgentImpl:130 The agent 1107088693 has no route in its leg.  Setting agent state to ABORT.
2019-07-06 01:30:11,447 ERROR BasicPlanAgentImpl:130 The agent 1851355526 has no route in its leg.  Setting agent state to ABORT.
2019-07-06 01:30:11,953 ERROR BasicPlanAgentImpl:130 The agent 2160859774 has no route in its leg.  Setting agent state to ABORT.
2019-07-06 01:30:12,104 ERROR BasicPlanAgentImpl:130 The agent 249652741 has no route in its leg.  Setting agent state to ABORT.
2019-07-06 01:30:12,464 ERROR BasicPlanAgentImpl:130 The agent 1023634438 has no route in its leg.  Setting agent state to ABORT.
2019-07-06 01:30:12,482 ERROR BasicPlanAgentImpl:130 The agent 2588189677 has no route in its leg.  Setting agent state to ABORT.
2019-07-06 01:30:12,750 ERROR BasicPlanAgentImpl:130 The agent 1010396822 has no route in its leg.  Setting agent state to ABORT.
2019-07-06 01:30:12,842 ERROR BasicPlanAgentImpl:130 The agent 1034916965 has no route in its leg.  Setting agent state to ABORT.
2019-07-06 01:30:12,940 ERROR BasicPlanAgentImpl:130 The agent 1110045925 has no route in its leg.  Setting agent state to ABORT.
2019-07-06 01:30:13,026 ERROR BasicPlanAgentImpl:130 The agent 1983628014 has no route in its leg.  Setting agent state to ABORT.
2019-07-06 01:30:13,302 ERROR BasicPlanAgentImpl:130 The agent 1109454453 has no route in its leg.  Setting agent state to ABORT.
2019-07-06 01:30:13,323 ERROR BasicPlanAgentImpl:130 The agent 1007280214 has no route in its leg.  Setting agent state to ABORT.
2019-07-06 01:30:13,353 ERROR BasicPlanAgentImpl:130 The agent 1105095685 has no route in its leg.  Setting agent state to ABORT.
2019-07-06 01:30:13,764 ERROR BasicPlanAgentImpl:130 The agent 191315237 has no route in its leg.  Setting agent state to ABORT.
2019-07-06 01:30:14,105 ERROR BasicPlanAgentImpl:130 The agent 1107831701 has no route in its leg.  Setting agent state to ABORT.
2019-07-06 01:30:14,404 ERROR BasicPlanAgentImpl:130 The agent 107416532 has no route in its leg.  Setting agent state to ABORT.
2019-07-06 01:30:14,568 ERROR BasicPlanAgentImpl:130 The agent 1109060165 has no route in its leg.  Setting agent state to ABORT.
2019-07-06 01:30:14,647 ERROR BasicPlanAgentImpl:130 The agent 2227221 has no route in its leg.  Setting agent state to ABORT.
2019-07-06 01:30:14,653 ERROR BasicPlanAgentImpl:130 The agent 209261104 has no route in its leg.  Setting agent state to ABORT.
2019-07-06 01:30:14,850 ERROR BasicPlanAgentImpl:130 The agent 1226089045 has no route in its leg.  Setting agent state to ABORT.
2019-07-06 01:30:14,882 ERROR BasicPlanAgentImpl:130 The agent 1104912917 has no route in its leg.  Setting agent state to ABORT.
2019-07-06 01:30:14,895 ERROR BasicPlanAgentImpl:130 The agent 1107472085 has no route in its leg.  Setting agent state to ABORT.
2019-07-06 01:30:14,928 ERROR BasicPlanAgentImpl:130 The agent 1034693349 has no route in its leg.  Setting agent state to ABORT.
2019-07-06 01:30:14,967 ERROR BasicPlanAgentImpl:130 The agent 181230923 has no route in its leg.  Setting agent state to ABORT.
2019-07-06 01:30:15,047 ERROR BasicPlanAgentImpl:130 The agent 1108254789 has no route in its leg.  Setting agent state to ABORT.
2019-07-06 01:30:15,202 ERROR BasicPlanAgentImpl:130 The agent 1028427813 has no route in its leg.  Setting agent state to ABORT.
2019-07-06 01:30:15,384 ERROR BasicPlanAgentImpl:130 The agent 2586506077 has no route in its leg.  Setting agent state to ABORT.
2019-07-06 01:30:18,713 ERROR BasicPlanAgentImpl:130 The agent 255749541 has no route in its leg.  Setting agent state to ABORT.
2019-07-06 01:30:18,868 ERROR BasicPlanAgentImpl:130 The agent 2677098336 has no route in its leg.  Setting agent state to ABORT.
2019-07-06 01:30:18,869 ERROR BasicPlanAgentImpl:130 The agent 1199527651 has no route in its leg.  Setting agent state to ABORT.
2019-07-06 01:30:18,871 ERROR BasicPlanAgentImpl:130 The agent 1226380613 has no route in its leg.  Setting agent state to ABORT.
2019-07-06 01:30:18,939 ERROR BasicPlanAgentImpl:130 The agent 104372837 has no route in its leg.  Setting agent state to ABORT.
2019-07-06 01:30:19,126 ERROR BasicPlanAgentImpl:130 The agent 1107490373 has no route in its leg.  Setting agent state to ABORT.
2019-07-06 01:30:19,185 ERROR BasicPlanAgentImpl:130 The agent 1107532053 has no route in its leg.  Setting agent state to ABORT.
2019-07-06 01:30:19,211 ERROR BasicPlanAgentImpl:130 The agent 1108105957 has no route in its leg.  Setting agent state to ABORT.
2019-07-06 01:30:19,414 ERROR BasicPlanAgentImpl:130 The agent 1109167845 has no route in its leg.  Setting agent state to ABORT.
2019-07-06 01:30:19,427 ERROR BasicPlanAgentImpl:130 The agent 1983756638 has no route in its leg.  Setting agent state to ABORT.
2019-07-06 01:30:19,517 ERROR BasicPlanAgentImpl:130 The agent 1007357638 has no route in its leg.  Setting agent state to ABORT.
2019-07-06 01:30:19,762 ERROR BasicPlanAgentImpl:130 The agent 1108824613 has no route in its leg.  Setting agent state to ABORT.
2019-07-06 01:30:19,886 ERROR BasicPlanAgentImpl:130 The agent 1110454373 has no route in its leg.  Setting agent state to ABORT.
2019-07-06 01:30:19,959 ERROR BasicPlanAgentImpl:130 The agent 1110348293 has no route in its leg.  Setting agent state to ABORT.
2019-07-06 01:30:20,249 ERROR BasicPlanAgentImpl:130 The agent 1851430598 has no route in its leg.  Setting agent state to ABORT.
2019-07-06 01:30:20,258 ERROR BasicPlanAgentImpl:130 The agent 1013459302 has no route in its leg.  Setting agent state to ABORT.
2019-07-06 01:30:20,455 ERROR BasicPlanAgentImpl:130 The agent 1199419283 has no route in its leg.  Setting agent state to ABORT.
2019-07-06 01:30:20,673 ERROR BasicPlanAgentImpl:130 The agent 191440453 has no route in its leg.  Setting agent state to ABORT.
2019-07-06 01:30:20,889 ERROR BasicPlanAgentImpl:130 The agent 207125242 has no route in its leg.  Setting agent state to ABORT.
2019-07-06 01:30:20,911 ERROR BasicPlanAgentImpl:130 The agent 1109423637 has no route in its leg.  Setting agent state to ABORT.
2019-07-06 01:30:21,071 ERROR BasicPlanAgentImpl:130 The agent 1882005027 has no route in its leg.  Setting agent state to ABORT.
2019-07-06 01:30:21,573 ERROR BasicPlanAgentImpl:130 The agent 127336055 has no route in its leg.  Setting agent state to ABORT.
2019-07-06 01:30:21,655 ERROR BasicPlanAgentImpl:130 The agent 191032501 has no route in its leg.  Setting agent state to ABORT.
2019-07-06 01:30:22,077 ERROR BasicPlanAgentImpl:130 The agent 1823237 has no route in its leg.  Setting agent state to ABORT.
2019-07-06 01:30:22,080 ERROR BasicPlanAgentImpl:130 The agent 249011749 has no route in its leg.  Setting agent state to ABORT.
2019-07-06 01:30:22,795 ERROR BasicPlanAgentImpl:130 The agent 255040949 has no route in its leg.  Setting agent state to ABORT.
2019-07-06 01:30:22,903 ERROR BasicPlanAgentImpl:130 The agent 1138760469 has no route in its leg.  Setting agent state to ABORT.
2019-07-06 01:30:22,951 ERROR BasicPlanAgentImpl:130 The agent 1983729006 has no route in its leg.  Setting agent state to ABORT.
2019-07-06 01:30:23,130 ERROR BasicPlanAgentImpl:130 The agent 1199318915 has no route in its leg.  Setting agent state to ABORT.
2019-07-06 01:30:23,260 ERROR BasicPlanAgentImpl:130 The agent 104723893 has no route in its leg.  Setting agent state to ABORT.
2019-07-06 01:30:23,349 ERROR BasicPlanAgentImpl:130 The agent 1882757747 has no route in its leg.  Setting agent state to ABORT.
2019-07-06 01:30:23,452 ERROR BasicPlanAgentImpl:130 The agent 1104563877 has no route in its leg.  Setting agent state to ABORT.
2019-07-06 01:30:23,634 ERROR BasicPlanAgentImpl:130 The agent 182071995 has no route in its leg.  Setting agent state to ABORT.
2019-07-06 01:30:23,639 ERROR BasicPlanAgentImpl:130 The agent 2584553405 has no route in its leg.  Setting agent state to ABORT.
2019-07-06 01:30:23,828 ERROR BasicPlanAgentImpl:130 The agent 1336720339 has no route in its leg.  Setting agent state to ABORT.
2019-07-06 01:30:24,060 ERROR BasicPlanAgentImpl:130 The agent 1106401909 has no route in its leg.  Setting agent state to ABORT.
2019-07-06 01:30:24,733 ERROR BasicPlanAgentImpl:130 The agent 1034574181 has no route in its leg.  Setting agent state to ABORT.
2019-07-06 01:30:24,836 ERROR BasicPlanAgentImpl:130 The agent 2402851518 has no route in its leg.  Setting agent state to ABORT.
2019-07-06 01:30:24,958 ERROR BasicPlanAgentImpl:130 The agent 2370687717 has no route in its leg.  Setting agent state to ABORT.
2019-07-06 01:30:25,837 ERROR BasicPlanAgentImpl:130 The agent 1983531166 has no route in its leg.  Setting agent state to ABORT.
2019-07-06 01:30:26,666 ERROR BasicPlanAgentImpl:130 The agent 1199367203 has no route in its leg.  Setting agent state to ABORT.
2019-07-06 01:30:26,676 ERROR BasicPlanAgentImpl:130 The agent 1909685 has no route in its leg.  Setting agent state to ABORT.
2019-07-06 01:30:26,691 ERROR BasicPlanAgentImpl:130 The agent 224110335 has no route in its leg.  Setting agent state to ABORT.
2019-07-06 01:30:26,845 ERROR BasicPlanAgentImpl:130 The agent 1983410126 has no route in its leg.  Setting agent state to ABORT.
2019-07-06 01:30:26,858 ERROR BasicPlanAgentImpl:130 The agent 1028872389 has no route in its leg.  Setting agent state to ABORT.
2019-07-06 01:30:26,979 ERROR BasicPlanAgentImpl:130 The agent 208063157 has no route in its leg.  Setting agent state to ABORT.
2019-07-06 01:30:26,992 ERROR BasicPlanAgentImpl:130 The agent 1856945373 has no route in its leg.  Setting agent state to ABORT.
2019-07-06 01:30:27,564 ERROR BasicPlanAgentImpl:130 The agent 248605109 has no route in its leg.  Setting agent state to ABORT.
2019-07-06 01:30:27,643 ERROR BasicPlanAgentImpl:130 The agent 104175301 has no route in its leg.  Setting agent state to ABORT.
2019-07-06 01:30:27,733 ERROR BasicPlanAgentImpl:130 The agent 1107383781 has no route in its leg.  Setting agent state to ABORT.
2019-07-06 01:30:27,956 ERROR BasicPlanAgentImpl:130 The agent 1108483237 has no route in its leg.  Setting agent state to ABORT.
2019-07-06 01:30:28,266 ERROR BasicPlanAgentImpl:130 The agent 108703212 has no route in its leg.  Setting agent state to ABORT.
2019-07-06 01:30:28,361 ERROR BasicPlanAgentImpl:130 The agent 249635381 has no route in its leg.  Setting agent state to ABORT.
2019-07-06 01:30:28,379 ERROR BasicPlanAgentImpl:130 The agent 1107541717 has no route in its leg.  Setting agent state to ABORT.
2019-07-06 01:30:28,697 ERROR BasicPlanAgentImpl:130 The agent 181959803 has no route in its leg.  Setting agent state to ABORT.
2019-07-06 01:30:29,160 ERROR BasicPlanAgentImpl:130 The agent 1856647805 has no route in its leg.  Setting agent state to ABORT.
2019-07-06 01:30:29,366 ERROR BasicPlanAgentImpl:130 The agent 2584067117 has no route in its leg.  Setting agent state to ABORT.
2019-07-06 01:30:29,563 ERROR BasicPlanAgentImpl:130 The agent 1199523603 has no route in its leg.  Setting agent state to ABORT.
2019-07-06 01:30:29,638 ERROR BasicPlanAgentImpl:130 The agent 1882048371 has no route in its leg.  Setting agent state to ABORT.
2019-07-06 01:30:29,678 ERROR BasicPlanAgentImpl:130 The agent 1199282931 has no route in its leg.  Setting agent state to ABORT.
2019-07-06 01:30:29,721 ERROR BasicPlanAgentImpl:130 The agent 1104393861 has no route in its leg.  Setting agent state to ABORT.
2019-07-06 01:30:29,786 ERROR BasicPlanAgentImpl:130 The agent 1007234278 has no route in its leg.  Setting agent state to ABORT.
2019-07-06 01:30:29,925 ERROR BasicPlanAgentImpl:130 The agent 116677717 has no route in its leg.  Setting agent state to ABORT.
2019-07-06 01:30:29,952 ERROR BasicPlanAgentImpl:130 The agent 181005275 has no route in its leg.  Setting agent state to ABORT.
2019-07-06 01:30:30,234 ERROR BasicPlanAgentImpl:130 The agent 2403682046 has no route in its leg.  Setting agent state to ABORT.
2019-07-06 01:30:30,237 ERROR BasicPlanAgentImpl:130 The agent 1983753598 has no route in its leg.  Setting agent state to ABORT.
2019-07-06 01:30:30,243 ERROR BasicPlanAgentImpl:130 The agent 1110746773 has no route in its leg.  Setting agent state to ABORT.
2019-07-06 01:30:30,382 ERROR BasicPlanAgentImpl:130 The agent 1000105062 has no route in its leg.  Setting agent state to ABORT.
2019-07-06 01:30:30,766 ERROR BasicPlanAgentImpl:130 The agent 1139050309 has no route in its leg.  Setting agent state to ABORT.
2019-07-06 01:30:30,800 ERROR BasicPlanAgentImpl:130 The agent 1109238581 has no route in its leg.  Setting agent state to ABORT.
2019-07-06 01:30:31,060 ERROR BasicPlanAgentImpl:130 The agent 1199441539 has no route in its leg.  Setting agent state to ABORT.
2019-07-06 01:30:31,068 ERROR BasicPlanAgentImpl:130 The agent 257070341 has no route in its leg.  Setting agent state to ABORT.
2019-07-06 01:30:31,492 ERROR BasicPlanAgentImpl:130 The agent 1850809622 has no route in its leg.  Setting agent state to ABORT.
2019-07-06 01:30:31,694 ERROR BasicPlanAgentImpl:130 The agent 2403813742 has no route in its leg.  Setting agent state to ABORT.
2019-07-06 01:30:31,831 ERROR BasicPlanAgentImpl:130 The agent 1105106789 has no route in its leg.  Setting agent state to ABORT.
2019-07-06 01:30:32,012 ERROR BasicPlanAgentImpl:130 The agent 2189388719 has no route in its leg.  Setting agent state to ABORT.
2019-07-06 01:30:32,021 ERROR BasicPlanAgentImpl:130 The agent 2664248202 has no route in its leg.  Setting agent state to ABORT.
2019-07-06 01:30:32,940 ERROR BasicPlanAgentImpl:130 The agent 2189658511 has no route in its leg.  Setting agent state to ABORT.
2019-07-06 01:30:33,126 ERROR BasicPlanAgentImpl:130 The agent 1111197749 has no route in its leg.  Setting agent state to ABORT.
2019-07-06 01:30:33,787 ERROR BasicPlanAgentImpl:130 The agent 1022319430 has no route in its leg.  Setting agent state to ABORT.
2019-07-06 01:30:34,067 ERROR BasicPlanAgentImpl:130 The agent 191061285 has no route in its leg.  Setting agent state to ABORT.
2019-07-06 01:30:34,754 ERROR BasicPlanAgentImpl:130 The agent 2677260544 has no route in its leg.  Setting agent state to ABORT.
2019-07-06 01:30:35,121 ERROR BasicPlanAgentImpl:130 The agent 1199387907 has no route in its leg.  Setting agent state to ABORT.
2019-07-06 01:30:35,145 ERROR BasicPlanAgentImpl:130 The agent 1983733710 has no route in its leg.  Setting agent state to ABORT.
2019-07-06 01:30:35,321 ERROR BasicPlanAgentImpl:130 The agent 1000058678 has no route in its leg.  Setting agent state to ABORT.
2019-07-06 01:30:35,540 ERROR BasicPlanAgentImpl:130 The agent 1029046965 has no route in its leg.  Setting agent state to ABORT.
2019-07-06 01:30:35,712 ERROR BasicPlanAgentImpl:130 The agent 104597317 has no route in its leg.  Setting agent state to ABORT.
2019-07-06 01:30:35,728 ERROR BasicPlanAgentImpl:130 The agent 1023500774 has no route in its leg.  Setting agent state to ABORT.
2019-07-06 01:30:36,098 ERROR BasicPlanAgentImpl:130 The agent 1337947139 has no route in its leg.  Setting agent state to ABORT.
2019-07-06 01:30:36,150 ERROR BasicPlanAgentImpl:130 The agent 1034100373 has no route in its leg.  Setting agent state to ABORT.
2019-07-06 01:30:36,430 ERROR BasicPlanAgentImpl:130 The agent 1028955701 has no route in its leg.  Setting agent state to ABORT.
2019-07-06 01:30:36,629 ERROR BasicPlanAgentImpl:130 The agent 1107437989 has no route in its leg.  Setting agent state to ABORT.
2019-07-06 01:30:36,658 ERROR BasicPlanAgentImpl:130 The agent 104241397 has no route in its leg.  Setting agent state to ABORT.
2019-07-06 01:30:36,819 ERROR BasicPlanAgentImpl:130 The agent 1109004373 has no route in its leg.  Setting agent state to ABORT.
2019-07-06 01:30:37,255 ERROR BasicPlanAgentImpl:130 The agent 1110349605 has no route in its leg.  Setting agent state to ABORT.
2019-07-06 01:30:37,368 ERROR BasicPlanAgentImpl:130 The agent 127394871 has no route in its leg.  Setting agent state to ABORT.
2019-07-06 01:30:37,509 ERROR BasicPlanAgentImpl:130 The agent 1983676286 has no route in its leg.  Setting agent state to ABORT.
2019-07-06 01:30:37,529 ERROR BasicPlanAgentImpl:130 The agent 181911483 has no route in its leg.  Setting agent state to ABORT.
2019-07-06 01:30:37,688 ERROR BasicPlanAgentImpl:130 The agent 1346946211 has no route in its leg.  Setting agent state to ABORT.
2019-07-06 01:30:37,890 ERROR BasicPlanAgentImpl:130 The agent 1107827621 has no route in its leg.  Setting agent state to ABORT.
2019-07-06 01:30:38,136 ERROR BasicPlanAgentImpl:130 The agent 1983486766 has no route in its leg.  Setting agent state to ABORT.
2019-07-06 01:30:38,597 ERROR BasicPlanAgentImpl:130 The agent 1106571829 has no route in its leg.  Setting agent state to ABORT.
2019-07-06 01:30:38,609 ERROR BasicPlanAgentImpl:130 The agent 104644805 has no route in its leg.  Setting agent state to ABORT.
2019-07-06 01:30:39,106 ERROR BasicPlanAgentImpl:130 The agent 1139552085 has no route in its leg.  Setting agent state to ABORT.
2019-07-06 01:30:39,336 ERROR BasicPlanAgentImpl:130 The agent 2372287685 has no route in its leg.  Setting agent state to ABORT.
2019-07-06 01:30:39,457 ERROR BasicPlanAgentImpl:130 The agent 181237003 has no route in its leg.  Setting agent state to ABORT.
2019-07-06 01:30:39,620 ERROR BasicPlanAgentImpl:130 The agent 1882748467 has no route in its leg.  Setting agent state to ABORT.
2019-07-06 01:30:39,924 ERROR BasicPlanAgentImpl:130 The agent 257055541 has no route in its leg.  Setting agent state to ABORT.
2019-07-06 01:30:39,932 ERROR BasicPlanAgentImpl:130 The agent 1108877861 has no route in its leg.  Setting agent state to ABORT.
2019-07-06 01:30:40,140 ERROR BasicPlanAgentImpl:130 The agent 1108138853 has no route in its leg.  Setting agent state to ABORT.
2019-07-06 01:30:40,151 ERROR BasicPlanAgentImpl:130 The agent 1336678995 has no route in its leg.  Setting agent state to ABORT.
2019-07-06 01:30:40,163 ERROR BasicPlanAgentImpl:130 The agent 1097952597 has no route in its leg.  Setting agent state to ABORT.
2019-07-06 01:30:40,348 ERROR BasicPlanAgentImpl:130 The agent 255153589 has no route in its leg.  Setting agent state to ABORT.
2019-07-06 01:30:40,359 ERROR BasicPlanAgentImpl:130 The agent 1138827893 has no route in its leg.  Setting agent state to ABORT.
2019-07-06 01:30:41,161 ERROR BasicPlanAgentImpl:130 The agent 2607637265 has no route in its leg.  Setting agent state to ABORT.
2019-07-06 01:30:41,636 ERROR BasicPlanAgentImpl:130 The agent 1107307413 has no route in its leg.  Setting agent state to ABORT.
2019-07-06 01:30:41,647 ERROR BasicPlanAgentImpl:130 The agent 1612978597 has no route in its leg.  Setting agent state to ABORT.
2019-07-06 01:30:41,654 ERROR BasicPlanAgentImpl:130 The agent 1983702398 has no route in its leg.  Setting agent state to ABORT.
2019-07-06 01:30:42,768 ERROR BasicPlanAgentImpl:130 The agent 1108985989 has no route in its leg.  Setting agent state to ABORT.
2019-07-06 01:30:42,949 ERROR BasicPlanAgentImpl:130 The agent 1023496566 has no route in its leg.  Setting agent state to ABORT.
2019-07-06 01:30:43,482 ERROR BasicPlanAgentImpl:130 The agent 1168024487 has no route in its leg.  Setting agent state to ABORT.
2019-07-06 01:30:43,528 ERROR BasicPlanAgentImpl:130 The agent 1112134954 has no route in its leg.  Setting agent state to ABORT.
2019-07-06 01:30:43,595 ERROR BasicPlanAgentImpl:130 The agent 1983555454 has no route in its leg.  Setting agent state to ABORT.
2019-07-06 01:30:43,598 ERROR BasicPlanAgentImpl:130 The agent 1108131973 has no route in its leg.  Setting agent state to ABORT.
2019-07-06 01:30:43,599 ERROR BasicPlanAgentImpl:130 The agent 1983647966 has no route in its leg.  Setting agent state to ABORT.
2019-07-06 01:30:43,648 ERROR BasicPlanAgentImpl:130 The agent 207679733 has no route in its leg.  Setting agent state to ABORT.
2019-07-06 01:30:44,158 ERROR BasicPlanAgentImpl:130 The agent 137236901 has no route in its leg.  Setting agent state to ABORT.
2019-07-06 01:30:44,166 ERROR BasicPlanAgentImpl:130 The agent 256581029 has no route in its leg.  Setting agent state to ABORT.
2019-07-06 01:30:44,186 ERROR BasicPlanAgentImpl:130 The agent 1121069719 has no route in its leg.  Setting agent state to ABORT.
2019-07-06 01:30:44,194 ERROR BasicPlanAgentImpl:130 The agent 1109955285 has no route in its leg.  Setting agent state to ABORT.
2019-07-06 01:30:44,522 ERROR BasicPlanAgentImpl:130 The agent 249513381 has no route in its leg.  Setting agent state to ABORT.
2019-07-06 01:30:44,558 ERROR BasicPlanAgentImpl:130 The agent 256646693 has no route in its leg.  Setting agent state to ABORT.
2019-07-06 01:30:44,683 ERROR BasicPlanAgentImpl:130 The agent 2608069601 has no route in its leg.  Setting agent state to ABORT.
2019-07-06 01:30:44,923 ERROR BasicPlanAgentImpl:130 The agent 1108262581 has no route in its leg.  Setting agent state to ABORT.
2019-07-06 01:30:45,090 ERROR BasicPlanAgentImpl:130 The agent 2664282666 has no route in its leg.  Setting agent state to ABORT.
2019-07-06 01:30:45,205 ERROR BasicPlanAgentImpl:130 The agent 181440251 has no route in its leg.  Setting agent state to ABORT.
2019-07-06 01:30:45,358 ERROR BasicPlanAgentImpl:130 The agent 1109854581 has no route in its leg.  Setting agent state to ABORT.
2019-07-06 01:30:45,364 ERROR BasicPlanAgentImpl:130 The agent 107759372 has no route in its leg.  Setting agent state to ABORT.
2019-07-06 01:30:45,593 ERROR BasicPlanAgentImpl:130 The agent 1108599541 has no route in its leg.  Setting agent state to ABORT.
2019-07-06 01:30:46,222 ERROR BasicPlanAgentImpl:130 The agent 1110351301 has no route in its leg.  Setting agent state to ABORT.
2019-07-06 01:30:48,907 ERROR BasicPlanAgentImpl:130 The agent 249165365 has no route in its leg.  Setting agent state to ABORT.
2019-07-06 01:30:49,149 ERROR BasicPlanAgentImpl:130 The agent 1034650309 has no route in its leg.  Setting agent state to ABORT.
2019-07-06 01:30:49,154 ERROR BasicPlanAgentImpl:130 The agent 104648197 has no route in its leg.  Setting agent state to ABORT.
2019-07-06 01:30:49,889 ERROR BasicPlanAgentImpl:130 The agent 104078101 has no route in its leg.  Setting agent state to ABORT.
2019-07-06 01:30:50,138 ERROR BasicPlanAgentImpl:130 The agent 1034452661 has no route in its leg.  Setting agent state to ABORT.
2019-07-06 01:30:50,657 ERROR BasicPlanAgentImpl:130 The agent 1010438214 has no route in its leg.  Setting agent state to ABORT.
2019-07-06 01:30:51,198 ERROR BasicPlanAgentImpl:130 The agent 1108207685 has no route in its leg.  Setting agent state to ABORT.
2019-07-06 01:30:51,355 ERROR BasicPlanAgentImpl:130 The agent 180592123 has no route in its leg.  Setting agent state to ABORT.
2019-07-06 01:30:52,779 ERROR BasicPlanAgentImpl:130 The agent 1010467926 has no route in its leg.  Setting agent state to ABORT.
2019-07-06 01:30:53,759 ERROR BasicPlanAgentImpl:130 The agent 1850520806 has no route in its leg.  Setting agent state to ABORT.
2019-07-06 01:30:54,981 ERROR BasicPlanAgentImpl:130 The agent 2147588377 has no route in its leg.  Setting agent state to ABORT.
2019-07-06 01:30:55,778 ERROR BasicPlanAgentImpl:130 The agent 180290091 has no route in its leg.  Setting agent state to ABORT.
2019-07-06 01:30:56,044 ERROR BasicPlanAgentImpl:130 The agent 2261651445 has no route in its leg.  Setting agent state to ABORT.
2019-07-06 01:30:56,064 ERROR BasicPlanAgentImpl:130 The agent 1139446645 has no route in its leg.  Setting agent state to ABORT.
2019-07-06 01:30:56,773 ERROR BasicPlanAgentImpl:130 The agent 1104683541 has no route in its leg.  Setting agent state to ABORT.
2019-07-06 01:30:57,987 ERROR BasicPlanAgentImpl:130 The agent 1108403973 has no route in its leg.  Setting agent state to ABORT.
2019-07-06 01:30:58,092 ERROR BasicPlanAgentImpl:130 The agent 1857175453 has no route in its leg.  Setting agent state to ABORT.
2019-07-06 01:30:58,722 ERROR BasicPlanAgentImpl:130 The agent 1010374422 has no route in its leg.  Setting agent state to ABORT.
2019-07-06 01:30:58,727 ERROR BasicPlanAgentImpl:130 The agent 104532885 has no route in its leg.  Setting agent state to ABORT.
2019-07-06 01:30:59,410 ERROR BasicPlanAgentImpl:130 The agent 1338089587 has no route in its leg.  Setting agent state to ABORT.
2019-07-06 01:30:59,440 ERROR BasicPlanAgentImpl:130 The agent 191719349 has no route in its leg.  Setting agent state to ABORT.
2019-07-06 01:30:59,687 ERROR BasicPlanAgentImpl:130 The agent 1025208886 has no route in its leg.  Setting agent state to ABORT.
2019-07-06 01:30:59,960 ERROR BasicPlanAgentImpl:130 The agent 1306135507 has no route in its leg.  Setting agent state to ABORT.
2019-07-06 01:31:00,314 ERROR BasicPlanAgentImpl:130 The agent 1111005029 has no route in its leg.  Setting agent state to ABORT.
2019-07-06 01:31:00,649 ERROR BasicPlanAgentImpl:130 The agent 2677102480 has no route in its leg.  Setting agent state to ABORT.
2019-07-06 01:31:01,231 ERROR BasicPlanAgentImpl:130 The agent 1879118595 has no route in its leg.  Setting agent state to ABORT.
2019-07-06 01:31:01,819 ERROR BasicPlanAgentImpl:130 The agent 267957172 has no route in its leg.  Setting agent state to ABORT.
2019-07-06 01:31:01,939 ERROR BasicPlanAgentImpl:130 The agent 1109416869 has no route in its leg.  Setting agent state to ABORT.
2019-07-06 01:31:02,124 ERROR BasicPlanAgentImpl:130 The agent 1034698693 has no route in its leg.  Setting agent state to ABORT.
2019-07-06 01:31:02,584 ERROR BasicPlanAgentImpl:130 The agent 191433861 has no route in its leg.  Setting agent state to ABORT.
2019-07-06 01:31:02,618 ERROR BasicPlanAgentImpl:130 The agent 1025320838 has no route in its leg.  Setting agent state to ABORT.
2019-07-06 01:31:03,113 ERROR BasicPlanAgentImpl:130 The agent 2285409461 has no route in its leg.  Setting agent state to ABORT.
2019-07-06 01:31:03,160 ERROR BasicPlanAgentImpl:130 The agent 1199413347 has no route in its leg.  Setting agent state to ABORT.
2019-07-06 01:31:03,396 ERROR BasicPlanAgentImpl:130 The agent 1199073459 has no route in its leg.  Setting agent state to ABORT.
2019-07-06 01:31:03,643 ERROR BasicPlanAgentImpl:130 The agent 1106960181 has no route in its leg.  Setting agent state to ABORT.
2019-07-06 01:31:03,735 ERROR BasicPlanAgentImpl:130 The agent 1108521674 has no route in its leg.  Setting agent state to ABORT.
2019-07-06 01:31:03,907 ERROR BasicPlanAgentImpl:130 The agent 1025273366 has no route in its leg.  Setting agent state to ABORT.
2019-07-06 01:31:04,134 ERROR BasicPlanAgentImpl:130 The agent 1025238054 has no route in its leg.  Setting agent state to ABORT.
2019-07-06 01:31:05,047 ERROR BasicPlanAgentImpl:130 The agent 126848903 has no route in its leg.  Setting agent state to ABORT.
2019-07-06 01:31:05,199 ERROR BasicPlanAgentImpl:130 The agent 1242087749 has no route in its leg.  Setting agent state to ABORT.
2019-07-06 01:31:05,475 ERROR BasicPlanAgentImpl:130 The agent 1097769941 has no route in its leg.  Setting agent state to ABORT.
2019-07-06 01:31:05,708 ERROR BasicPlanAgentImpl:130 The agent 2403112062 has no route in its leg.  Setting agent state to ABORT.
2019-07-06 01:31:05,836 ERROR BasicPlanAgentImpl:130 The agent 2403093182 has no route in its leg.  Setting agent state to ABORT.
2019-07-06 01:31:06,157 ERROR BasicPlanAgentImpl:130 The agent 1023542022 has no route in its leg.  Setting agent state to ABORT.
2019-07-06 01:31:06,814 ERROR BasicPlanAgentImpl:130 The agent 1006837078 has no route in its leg.  Setting agent state to ABORT.
2019-07-06 01:31:07,825 ERROR BasicPlanAgentImpl:130 The agent 1032513285 has no route in its leg.  Setting agent state to ABORT.
2019-07-06 01:31:08,353 ERROR BasicPlanAgentImpl:130 The agent 1111218949 has no route in its leg.  Setting agent state to ABORT.
2019-07-06 01:31:08,704 ERROR BasicPlanAgentImpl:130 The agent 1098291013 has no route in its leg.  Setting agent state to ABORT.
2019-07-06 01:31:08,925 ERROR BasicPlanAgentImpl:130 The agent 163304620 has no route in its leg.  Setting agent state to ABORT.
2019-07-06 01:31:09,228 ERROR BasicPlanAgentImpl:130 The agent 2607658209 has no route in its leg.  Setting agent state to ABORT.
2019-07-06 01:31:10,132 ERROR BasicPlanAgentImpl:130 The agent 1199241667 has no route in its leg.  Setting agent state to ABORT.
2019-07-06 01:31:10,899 ERROR BasicPlanAgentImpl:130 The agent 1341788723 has no route in its leg.  Setting agent state to ABORT.
2019-07-06 01:31:11,747 ERROR BasicPlanAgentImpl:130 The agent 1107524037 has no route in its leg.  Setting agent state to ABORT.
2019-07-06 01:31:13,522 ERROR BasicPlanAgentImpl:130 The agent 1338099043 has no route in its leg.  Setting agent state to ABORT.
2019-07-06 01:31:13,914 ERROR BasicPlanAgentImpl:130 The agent 1849032166 has no route in its leg.  Setting agent state to ABORT.
2019-07-06 01:31:13,997 ERROR BasicPlanAgentImpl:130 The agent 1160276727 has no route in its leg.  Setting agent state to ABORT.
2019-07-06 01:31:14,637 ERROR BasicPlanAgentImpl:130 The agent 1109674517 has no route in its leg.  Setting agent state to ABORT.
2019-07-06 01:31:14,998 ERROR BasicPlanAgentImpl:130 The agent 255467237 has no route in its leg.  Setting agent state to ABORT.
2019-07-06 01:31:15,460 ERROR BasicPlanAgentImpl:130 The agent 2403494254 has no route in its leg.  Setting agent state to ABORT.
2019-07-06 01:31:15,567 ERROR BasicPlanAgentImpl:130 The agent 2677061216 has no route in its leg.  Setting agent state to ABORT.
2019-07-06 01:31:16,483 ERROR BasicPlanAgentImpl:130 The agent 1252207207 has no route in its leg.  Setting agent state to ABORT.
2019-07-06 01:31:16,502 ERROR BasicPlanAgentImpl:130 The agent 182071195 has no route in its leg.  Setting agent state to ABORT.
2019-07-06 01:31:16,830 ERROR BasicPlanAgentImpl:130 The agent 1110728149 has no route in its leg.  Setting agent state to ABORT.
2019-07-06 01:31:17,780 ERROR BasicPlanAgentImpl:130 The agent 1110810373 has no route in its leg.  Setting agent state to ABORT.
2019-07-06 01:31:18,099 ERROR BasicPlanAgentImpl:130 The agent 1104926085 has no route in its leg.  Setting agent state to ABORT.
2019-07-06 01:31:18,269 ERROR BasicPlanAgentImpl:130 The agent 1007136006 has no route in its leg.  Setting agent state to ABORT.
2019-07-06 01:31:18,367 ERROR BasicPlanAgentImpl:130 The agent 1110565605 has no route in its leg.  Setting agent state to ABORT.
2019-07-06 01:31:18,383 ERROR BasicPlanAgentImpl:130 The agent 256744677 has no route in its leg.  Setting agent state to ABORT.
2019-07-06 01:31:18,428 ERROR BasicPlanAgentImpl:130 The agent 1851359734 has no route in its leg.  Setting agent state to ABORT.
2019-07-06 01:31:19,103 ERROR BasicPlanAgentImpl:130 The agent 1885382403 has no route in its leg.  Setting agent state to ABORT.
2019-07-06 01:31:20,071 ERROR BasicPlanAgentImpl:130 The agent 2403400174 has no route in its leg.  Setting agent state to ABORT.
2019-07-06 01:31:20,822 ERROR BasicPlanAgentImpl:130 The agent 249826325 has no route in its leg.  Setting agent state to ABORT.
2019-07-06 01:31:22,842 ERROR BasicPlanAgentImpl:130 The agent 249318421 has no route in its leg.  Setting agent state to ABORT.
2019-07-06 01:31:24,330 ERROR BasicPlanAgentImpl:130 The agent 1034758245 has no route in its leg.  Setting agent state to ABORT.
2019-07-06 01:31:24,516 ERROR BasicPlanAgentImpl:130 The agent 1109802101 has no route in its leg.  Setting agent state to ABORT.
2019-07-06 01:31:24,666 ERROR BasicPlanAgentImpl:130 The agent 1028901861 has no route in its leg.  Setting agent state to ABORT.
2019-07-06 01:31:25,183 ERROR BasicPlanAgentImpl:130 The agent 1850560630 has no route in its leg.  Setting agent state to ABORT.
2019-07-06 01:31:25,444 ERROR BasicPlanAgentImpl:130 The agent 208137125 has no route in its leg.  Setting agent state to ABORT.
2019-07-06 01:31:25,601 ERROR BasicPlanAgentImpl:130 The agent 1199428819 has no route in its leg.  Setting agent state to ABORT.
2019-07-06 01:31:25,896 ERROR BasicPlanAgentImpl:130 The agent 1110913221 has no route in its leg.  Setting agent state to ABORT.
2019-07-06 01:31:26,201 ERROR BasicPlanAgentImpl:130 The agent 1104886389 has no route in its leg.  Setting agent state to ABORT.
2019-07-06 01:31:29,336 ERROR BasicPlanAgentImpl:130 The agent 1108574677 has no route in its leg.  Setting agent state to ABORT.
2019-07-06 01:31:29,449 ERROR BasicPlanAgentImpl:130 The agent 1109733685 has no route in its leg.  Setting agent state to ABORT.
2019-07-06 01:31:29,734 ERROR BasicPlanAgentImpl:130 The agent 1983446638 has no route in its leg.  Setting agent state to ABORT.
2019-07-06 01:31:29,757 ERROR BasicPlanAgentImpl:130 The agent 1108558709 has no route in its leg.  Setting agent state to ABORT.
2019-07-06 01:31:30,384 ERROR BasicPlanAgentImpl:130 The agent 1110009189 has no route in its leg.  Setting agent state to ABORT.
2019-07-06 01:31:30,876 ERROR BasicPlanAgentImpl:130 The agent 1098171109 has no route in its leg.  Setting agent state to ABORT.
2019-07-06 01:31:30,890 ERROR BasicPlanAgentImpl:130 The agent 1179399319 has no route in its leg.  Setting agent state to ABORT.
2019-07-06 01:31:30,987 ERROR BasicPlanAgentImpl:130 The agent 1110859173 has no route in its leg.  Setting agent state to ABORT.
2019-07-06 01:31:31,183 ERROR BasicPlanAgentImpl:130 The agent 1108531242 has no route in its leg.  Setting agent state to ABORT.
2019-07-06 01:31:31,546 ERROR BasicPlanAgentImpl:130 The agent 1983476126 has no route in its leg.  Setting agent state to ABORT.
2019-07-06 01:31:31,635 ERROR BasicPlanAgentImpl:130 The agent 1108654810 has no route in its leg.  Setting agent state to ABORT.
2019-07-06 01:31:31,783 ERROR BasicPlanAgentImpl:130 The agent 255854741 has no route in its leg.  Setting agent state to ABORT.
2019-07-06 01:31:31,891 ERROR BasicPlanAgentImpl:130 The agent 2608161985 has no route in its leg.  Setting agent state to ABORT.
2019-07-06 01:31:32,178 ERROR BasicPlanAgentImpl:130 The agent 1177125271 has no route in its leg.  Setting agent state to ABORT.
2019-07-06 01:31:32,300 ERROR BasicPlanAgentImpl:130 The agent 1109658197 has no route in its leg.  Setting agent state to ABORT.
2019-07-06 01:31:32,378 ERROR BasicPlanAgentImpl:130 The agent 1226327349 has no route in its leg.  Setting agent state to ABORT.
2019-07-06 01:31:32,638 ERROR BasicPlanAgentImpl:130 The agent 1139216661 has no route in its leg.  Setting agent state to ABORT.
2019-07-06 01:31:32,681 ERROR BasicPlanAgentImpl:130 The agent 1879140419 has no route in its leg.  Setting agent state to ABORT.
2019-07-06 01:31:33,348 ERROR BasicPlanAgentImpl:130 The agent 1177021687 has no route in its leg.  Setting agent state to ABORT.
2019-07-06 01:31:33,701 ERROR BasicPlanAgentImpl:130 The agent 255987909 has no route in its leg.  Setting agent state to ABORT.
2019-07-06 01:31:33,929 ERROR BasicPlanAgentImpl:130 The agent 1161137015 has no route in its leg.  Setting agent state to ABORT.
2019-07-06 01:31:34,050 ERROR BasicPlanAgentImpl:130 The agent 1097606421 has no route in its leg.  Setting agent state to ABORT.
2019-07-06 01:31:34,117 ERROR BasicPlanAgentImpl:130 The agent 208200597 has no route in its leg.  Setting agent state to ABORT.
2019-07-06 01:31:34,489 ERROR BasicPlanAgentImpl:130 The agent 207352357 has no route in its leg.  Setting agent state to ABORT.
2019-07-06 01:31:34,769 ERROR BasicPlanAgentImpl:130 The agent 1199524579 has no route in its leg.  Setting agent state to ABORT.
2019-07-06 01:31:35,172 ERROR BasicPlanAgentImpl:130 The agent 2677034848 has no route in its leg.  Setting agent state to ABORT.
2019-07-06 01:31:35,173 ERROR BasicPlanAgentImpl:130 The agent 2403336206 has no route in its leg.  Setting agent state to ABORT.
2019-07-06 01:31:35,334 ERROR BasicPlanAgentImpl:130 The agent 2612776154 has no route in its leg.  Setting agent state to ABORT.
2019-07-06 01:31:35,681 ERROR BasicPlanAgentImpl:130 The agent 1983598350 has no route in its leg.  Setting agent state to ABORT.
2019-07-06 01:31:35,979 ERROR BasicPlanAgentImpl:130 The agent 1108797733 has no route in its leg.  Setting agent state to ABORT.
2019-07-06 01:31:36,172 ERROR BasicPlanAgentImpl:130 The agent 1109830581 has no route in its leg.  Setting agent state to ABORT.
2019-07-06 01:31:36,569 ERROR BasicPlanAgentImpl:130 The agent 1336624515 has no route in its leg.  Setting agent state to ABORT.
2019-07-06 01:31:36,805 ERROR BasicPlanAgentImpl:130 The agent 1013465110 has no route in its leg.  Setting agent state to ABORT.
2019-07-06 01:31:37,162 ERROR BasicPlanAgentImpl:130 The agent 1013441526 has no route in its leg.  Setting agent state to ABORT.
2019-07-06 01:31:37,544 ERROR BasicPlanAgentImpl:130 The agent 1025314710 has no route in its leg.  Setting agent state to ABORT.
2019-07-06 01:31:37,744 ERROR BasicPlanAgentImpl:130 The agent 108705516 has no route in its leg.  Setting agent state to ABORT.
2019-07-06 01:31:37,849 ERROR BasicPlanAgentImpl:130 The agent 1104434293 has no route in its leg.  Setting agent state to ABORT.
2019-07-06 01:31:38,035 ERROR BasicPlanAgentImpl:130 The agent 248511301 has no route in its leg.  Setting agent state to ABORT.
2019-07-06 01:31:38,099 ERROR BasicPlanAgentImpl:130 The agent 107755772 has no route in its leg.  Setting agent state to ABORT.
2019-07-06 01:31:38,100 ERROR BasicPlanAgentImpl:130 The agent 180243179 has no route in its leg.  Setting agent state to ABORT.
2019-07-06 01:31:38,127 ERROR BasicPlanAgentImpl:130 The agent 191051125 has no route in its leg.  Setting agent state to ABORT.
2019-07-06 01:31:38,127 ERROR BasicPlanAgentImpl:130 The agent 1108695749 has no route in its leg.  Setting agent state to ABORT.
2019-07-06 01:31:38,181 ERROR BasicPlanAgentImpl:130 The agent 1242032005 has no route in its leg.  Setting agent state to ABORT.
2019-07-06 01:31:38,227 ERROR BasicPlanAgentImpl:130 The agent 1205681127 has no route in its leg.  Setting agent state to ABORT.
2019-07-06 01:31:38,557 ERROR BasicPlanAgentImpl:130 The agent 1882771955 has no route in its leg.  Setting agent state to ABORT.
2019-07-06 01:31:38,627 ERROR BasicPlanAgentImpl:130 The agent 1238231301 has no route in its leg.  Setting agent state to ABORT.
2019-07-06 01:31:38,638 ERROR BasicPlanAgentImpl:130 The agent 256015029 has no route in its leg.  Setting agent state to ABORT.
2019-07-06 01:31:38,912 ERROR BasicPlanAgentImpl:130 The agent 1025173062 has no route in its leg.  Setting agent state to ABORT.
2019-07-06 01:31:39,146 ERROR BasicPlanAgentImpl:130 The agent 1107272869 has no route in its leg.  Setting agent state to ABORT.
2019-07-06 01:31:41,133 ERROR BasicPlanAgentImpl:130 The agent 104463909 has no route in its leg.  Setting agent state to ABORT.
2019-07-06 01:31:46,702 ERROR MatsimRuntimeModifications:54 Getting uncaught Exception in Thread main
java.lang.NullPointerException
	at org.matsim.contrib.minibus.stats.ActivityLocationsParatransitUser.parsePopulation(ActivityLocationsParatransitUser.java:135)
	at org.matsim.contrib.minibus.stats.ActivityLocationsParatransitUser.notifyIterationEnds(ActivityLocationsParatransitUser.java:83)
	at org.matsim.core.controler.ControlerListenerManagerImpl.fireControlerIterationEndsEvent(ControlerListenerManagerImpl.java:168)
	at org.matsim.core.controler.AbstractController$5.run(AbstractController.java:158)
	at org.matsim.core.controler.AbstractController.iterationStep(AbstractController.java:229)
	at org.matsim.core.controler.AbstractController.iteration(AbstractController.java:154)
	at org.matsim.core.controler.AbstractController.doIterations(AbstractController.java:112)
	at org.matsim.core.controler.AbstractController.access$100(AbstractController.java:28)
	at org.matsim.core.controler.AbstractController$1.run(AbstractController.java:80)
	at org.matsim.core.controler.MatsimRuntimeModifications.run(MatsimRuntimeModifications.java:48)
	at org.matsim.core.controler.MatsimRuntimeModifications.run(MatsimRuntimeModifications.java:31)
	at org.matsim.core.controler.AbstractController.run(AbstractController.java:88)
	at org.matsim.core.controler.NewControler.run(NewControler.java:84)
	at org.matsim.core.controler.Controler.run(Controler.java:240)
	at org.matsim.project.RunMinibus.run(RunMinibus.java:67)
	at org.matsim.project.RunMinibus.main(RunMinibus.java:85)
2019-07-06 01:31:46,704 ERROR MatsimRuntimeModifications:60 ERROR --- This is an unexpected shutdown!
2019-07-06 01:31:46,704 ERROR MatsimRuntimeModifications:63 Shutdown possibly caused by the following Exception:
java.lang.NullPointerException
	at org.matsim.contrib.minibus.stats.ActivityLocationsParatransitUser.parsePopulation(ActivityLocationsParatransitUser.java:135)
	at org.matsim.contrib.minibus.stats.ActivityLocationsParatransitUser.notifyIterationEnds(ActivityLocationsParatransitUser.java:83)
	at org.matsim.core.controler.ControlerListenerManagerImpl.fireControlerIterationEndsEvent(ControlerListenerManagerImpl.java:168)
	at org.matsim.core.controler.AbstractController$5.run(AbstractController.java:158)
	at org.matsim.core.controler.AbstractController.iterationStep(AbstractController.java:229)
	at org.matsim.core.controler.AbstractController.iteration(AbstractController.java:154)
	at org.matsim.core.controler.AbstractController.doIterations(AbstractController.java:112)
	at org.matsim.core.controler.AbstractController.access$100(AbstractController.java:28)
	at org.matsim.core.controler.AbstractController$1.run(AbstractController.java:80)
	at org.matsim.core.controler.MatsimRuntimeModifications.run(MatsimRuntimeModifications.java:48)
	at org.matsim.core.controler.MatsimRuntimeModifications.run(MatsimRuntimeModifications.java:31)
	at org.matsim.core.controler.AbstractController.run(AbstractController.java:88)
	at org.matsim.core.controler.NewControler.run(NewControler.java:84)
	at org.matsim.core.controler.Controler.run(Controler.java:240)
	at org.matsim.project.RunMinibus.run(RunMinibus.java:67)
	at org.matsim.project.RunMinibus.main(RunMinibus.java:85)
2019-07-06 01:31:47,554 ERROR MatsimRuntimeModifications:78 ERROR --- MATSim unexpectedly terminated. Please check the output or the logfile with warnings and errors for hints.
2019-07-06 01:31:47,554 ERROR MatsimRuntimeModifications:79 ERROR --- results should not be used for further analysis.
2019-07-06 01:31:47,554 ERROR MatsimRuntimeModifications:83 ERROR --- This was an unexpected shutdown! See the log file for a possible reason.
